2015-11-20 04:51:07.312+0000 WARN  [o.n.k.i.JvmChecker]: You are using an unsupported version of the Java runtime. Please use Oracle(R) Java(TM) Runtime Environment 7 or OpenJDK(TM) 7.
2015-11-20 04:51:07.626+0000 INFO  [o.n.s.CommunityNeoServer]: Setting startup timeout to: 120000ms based on 120000
2015-11-20 04:51:08.117+0000 WARN  [o.n.k.EmbeddedGraphDatabase]: You are using an unsupported version of the Java runtime. Please use Oracle(R) Java(TM) Runtime Environment 7 or OpenJDK(TM) 7.
2015-11-20 04:51:08.445+0000 INFO  [o.n.k.InternalAbstractGraphDatabase]: No locking implementation specified, defaulting to 'community'
2015-11-20 04:51:08.864+0000 INFO  [o.n.k.i.DiagnosticsManager]: --- INITIALIZED diagnostics START ---
2015-11-20 04:51:08.869+0000 INFO  [o.n.k.i.DiagnosticsManager]: Neo4j Kernel properties:
2015-11-20 04:51:08.885+0000 INFO  [o.n.k.i.DiagnosticsManager]: remote_shell_enabled=true
2015-11-20 04:51:08.885+0000 INFO  [o.n.k.i.DiagnosticsManager]: store_dir=/Applications/neo4j-community-2.2.2/data/graph.db
2015-11-20 04:51:08.887+0000 INFO  [o.n.k.i.DiagnosticsManager]: Diagnostics providers:
2015-11-20 04:51:08.887+0000 INFO  [o.n.k.i.DiagnosticsManager]: org.neo4j.kernel.configuration.Config
2015-11-20 04:51:08.887+0000 INFO  [o.n.k.i.DiagnosticsManager]: org.neo4j.kernel.info.DiagnosticsManager
2015-11-20 04:51:08.887+0000 INFO  [o.n.k.i.DiagnosticsManager]: SYSTEM_MEMORY
2015-11-20 04:51:08.888+0000 INFO  [o.n.k.i.DiagnosticsManager]: JAVA_MEMORY
2015-11-20 04:51:08.888+0000 INFO  [o.n.k.i.DiagnosticsManager]: OPERATING_SYSTEM
2015-11-20 04:51:08.888+0000 INFO  [o.n.k.i.DiagnosticsManager]: JAVA_VIRTUAL_MACHINE
2015-11-20 04:51:08.888+0000 INFO  [o.n.k.i.DiagnosticsManager]: CLASSPATH
2015-11-20 04:51:08.888+0000 INFO  [o.n.k.i.DiagnosticsManager]: LIBRARY_PATH
2015-11-20 04:51:08.888+0000 INFO  [o.n.k.i.DiagnosticsManager]: SYSTEM_PROPERTIES
2015-11-20 04:51:08.888+0000 INFO  [o.n.k.i.DiagnosticsManager]: NETWORK
2015-11-20 04:51:08.889+0000 INFO  [o.n.k.i.DiagnosticsManager]: System memory information:
2015-11-20 04:51:08.898+0000 INFO  [o.n.k.i.DiagnosticsManager]: Total Physical memory: 8.00 GB
2015-11-20 04:51:08.899+0000 INFO  [o.n.k.i.DiagnosticsManager]: Free Physical memory: 293.85 MB
2015-11-20 04:51:08.900+0000 INFO  [o.n.k.i.DiagnosticsManager]: Committed virtual memory: 5.75 GB
2015-11-20 04:51:08.901+0000 INFO  [o.n.k.i.DiagnosticsManager]: Total swap space: 2.00 GB
2015-11-20 04:51:08.902+0000 INFO  [o.n.k.i.DiagnosticsManager]: Free swap space: 1.27 GB
2015-11-20 04:51:08.903+0000 INFO  [o.n.k.i.DiagnosticsManager]: JVM memory information:
2015-11-20 04:51:08.903+0000 INFO  [o.n.k.i.DiagnosticsManager]: Free  memory: 68.36 MB
2015-11-20 04:51:08.903+0000 INFO  [o.n.k.i.DiagnosticsManager]: Total memory: 123.75 MB
2015-11-20 04:51:08.904+0000 INFO  [o.n.k.i.DiagnosticsManager]: Max   memory: 1.97 GB
2015-11-20 04:51:08.925+0000 INFO  [o.n.k.i.DiagnosticsManager]: Garbage Collector: ParNew: [Par Eden Space, Par Survivor Space]
2015-11-20 04:51:08.926+0000 INFO  [o.n.k.i.DiagnosticsManager]: Garbage Collector: ConcurrentMarkSweep: [Par Eden Space, Par Survivor Space, CMS Old Gen]
2015-11-20 04:51:08.931+0000 INFO  [o.n.k.i.DiagnosticsManager]: Memory Pool: Code Cache (Non-heap memory): committed=3.44 MB, used=3.40 MB, max=240.00 MB, threshold=0.00 B
2015-11-20 04:51:08.932+0000 INFO  [o.n.k.i.DiagnosticsManager]: Memory Pool: Metaspace (Non-heap memory): committed=13.00 MB, used=12.62 MB, max=-1.00 B, threshold=0.00 B
2015-11-20 04:51:08.933+0000 INFO  [o.n.k.i.DiagnosticsManager]: Memory Pool: Compressed Class Space (Non-heap memory): committed=1.75 MB, used=1.66 MB, max=1.00 GB, threshold=0.00 B
2015-11-20 04:51:08.934+0000 INFO  [o.n.k.i.DiagnosticsManager]: Memory Pool: Par Eden Space (Heap memory): committed=34.13 MB, used=19.81 MB, max=266.25 MB, threshold=?
2015-11-20 04:51:08.935+0000 INFO  [o.n.k.i.DiagnosticsManager]: Memory Pool: Par Survivor Space (Heap memory): committed=4.25 MB, used=4.25 MB, max=33.25 MB, threshold=?
2015-11-20 04:51:08.936+0000 INFO  [o.n.k.i.DiagnosticsManager]: Memory Pool: CMS Old Gen (Heap memory): committed=85.38 MB, used=31.33 MB, max=1.68 GB, threshold=0.00 B
2015-11-20 04:51:08.936+0000 INFO  [o.n.k.i.DiagnosticsManager]: Operating system information:
2015-11-20 04:51:08.940+0000 INFO  [o.n.k.i.DiagnosticsManager]: Operating System: Mac OS X; version: 10.10.5; arch: x86_64; cpus: 4
2015-11-20 04:51:08.941+0000 INFO  [o.n.k.i.DiagnosticsManager]: Max number of file descriptors: 10240
2015-11-20 04:51:08.942+0000 INFO  [o.n.k.i.DiagnosticsManager]: Number of open file descriptors: 80
2015-11-20 04:51:08.943+0000 INFO  [o.n.k.i.DiagnosticsManager]: Process id: 53802@Mouses-Air
2015-11-20 04:51:08.947+0000 INFO  [o.n.k.i.DiagnosticsManager]: Byte order: LITTLE_ENDIAN
2015-11-20 04:51:08.948+0000 INFO  [o.n.k.i.DiagnosticsManager]: Local timezone: America/Los_Angeles
2015-11-20 04:51:08.948+0000 INFO  [o.n.k.i.DiagnosticsManager]: JVM information:
2015-11-20 04:51:08.948+0000 INFO  [o.n.k.i.DiagnosticsManager]: VM Name: Java HotSpot(TM) 64-Bit Server VM
2015-11-20 04:51:08.948+0000 INFO  [o.n.k.i.DiagnosticsManager]: VM Vendor: Oracle Corporation
2015-11-20 04:51:08.948+0000 INFO  [o.n.k.i.DiagnosticsManager]: VM Version: 25.45-b02
2015-11-20 04:51:08.949+0000 INFO  [o.n.k.i.DiagnosticsManager]: JIT compiler: HotSpot 64-Bit Tiered Compilers
2015-11-20 04:51:08.950+0000 INFO  [o.n.k.i.DiagnosticsManager]: VM Arguments: [-XX:+DisableExplicitGC, -Dorg.neo4j.server.properties=conf/neo4j-server.properties, -Djava.util.logging.config.file=conf/logging.properties, -Dlog4j.configuration=file:conf/log4j.properties, -XX:+UseConcMarkSweepGC, -XX:+CMSClassUnloadingEnabled, -XX:-OmitStackTraceInFastThrow, -XX:hashCode=5, -Dneo4j.ext.udc.source=tarball, -Dneo4j.home=/Applications/neo4j-community-2.2.2, -Dneo4j.instance=/Applications/neo4j-community-2.2.2, -Dfile.encoding=UTF-8]
2015-11-20 04:51:08.950+0000 INFO  [o.n.k.i.DiagnosticsManager]: Java classpath:
2015-11-20 04:51:08.952+0000 INFO  [o.n.k.i.DiagnosticsManager]:  [bootstrap] /Library/Java/JavaVirtualMachines/jdk1.8.0_45.jdk/Contents/Home/jre/lib/sunrsasign.jar
2015-11-20 04:51:08.952+0000 INFO  [o.n.k.i.DiagnosticsManager]:  [classpath + loader.0] file:/Applications/neo4j-community-2.2.2/lib/neo4j-csv-2.2.2.jar
2015-11-20 04:51:08.952+0000 INFO  [o.n.k.i.DiagnosticsManager]:  [classpath + loader.0] file:/Applications/neo4j-community-2.2.2/lib/org.apache.servicemix.bundles.jline-0.9.94_1.jar
2015-11-20 04:51:08.953+0000 INFO  [o.n.k.i.DiagnosticsManager]:  [loader.1] file:/Library/Java/JavaVirtualMachines/jdk1.8.0_45.jdk/Contents/Home/jre/lib/ext/cldrdata.jar
2015-11-20 04:51:08.953+0000 INFO  [o.n.k.i.DiagnosticsManager]:  [classpath + loader.0] file:/Applications/neo4j-community-2.2.2/system/lib/jackson-jaxrs-1.9.13.jar
2015-11-20 04:51:08.953+0000 INFO  [o.n.k.i.DiagnosticsManager]:  [classpath + loader.0] file:/Applications/neo4j-community-2.2.2/system/lib/jetty-util-9.2.4.v20141103.jar
2015-11-20 04:51:08.953+0000 INFO  [o.n.k.i.DiagnosticsManager]:  [loader.1] file:/Library/Java/JavaVirtualMachines/jdk1.8.0_45.jdk/Contents/Home/jre/lib/ext/sunec.jar
2015-11-20 04:51:08.953+0000 INFO  [o.n.k.i.DiagnosticsManager]:  [classpath + loader.0] file:/Applications/neo4j-community-2.2.2/system/lib/commons-configuration-1.10.jar
2015-11-20 04:51:08.953+0000 INFO  [o.n.k.i.DiagnosticsManager]:  [classpath + loader.0] file:/Applications/neo4j-community-2.2.2/lib/neo4j-kernel-2.2.2.jar
2015-11-20 04:51:08.953+0000 INFO  [o.n.k.i.DiagnosticsManager]:  [classpath + loader.0] file:/Applications/neo4j-community-2.2.2/lib/neo4j-shell-2.2.2.jar
2015-11-20 04:51:08.953+0000 INFO  [o.n.k.i.DiagnosticsManager]:  [classpath + loader.0] file:/Applications/neo4j-community-2.2.2/system/lib/jetty-webapp-9.2.4.v20141103.jar
2015-11-20 04:51:08.953+0000 INFO  [o.n.k.i.DiagnosticsManager]:  [classpath + loader.0] file:/Applications/neo4j-community-2.2.2/lib/neo4j-unsafe-2.2.2.jar
2015-11-20 04:51:08.953+0000 INFO  [o.n.k.i.DiagnosticsManager]:  [classpath + loader.0] file:/Applications/neo4j-community-2.2.2/system/lib/rrd4j-2.2.jar
2015-11-20 04:51:08.953+0000 INFO  [o.n.k.i.DiagnosticsManager]:  [classpath + loader.0] file:/Applications/neo4j-community-2.2.2/system/lib/jsr311-api-1.1.2.r612.jar
2015-11-20 04:51:08.953+0000 INFO  [o.n.k.i.DiagnosticsManager]:  [loader.1] file:/Library/Java/JavaVirtualMachines/jdk1.8.0_45.jdk/Contents/Home/jre/lib/ext/nashorn.jar
2015-11-20 04:51:08.953+0000 INFO  [o.n.k.i.DiagnosticsManager]:  [classpath + loader.0] file:/Applications/neo4j-community-2.2.2/lib/server-api-2.2.2.jar
2015-11-20 04:51:08.953+0000 INFO  [o.n.k.i.DiagnosticsManager]:  [classpath + loader.0] file:/Applications/neo4j-community-2.2.2/system/lib/jetty-io-9.2.4.v20141103.jar
2015-11-20 04:51:08.953+0000 INFO  [o.n.k.i.DiagnosticsManager]:  [classpath + loader.0] file:/Applications/neo4j-community-2.2.2/system/lib/commons-digester-2.1.jar
2015-11-20 04:51:08.953+0000 INFO  [o.n.k.i.DiagnosticsManager]:  [classpath + loader.0] file:/Applications/neo4j-community-2.2.2/system/lib/neo4j-server-2.2.2.jar
2015-11-20 04:51:08.953+0000 INFO  [o.n.k.i.DiagnosticsManager]:  [classpath + loader.0] file:/Applications/neo4j-community-2.2.2/system/lib/jersey-core-1.18.1.jar
2015-11-20 04:51:08.953+0000 INFO  [o.n.k.i.DiagnosticsManager]:  [classpath + loader.0] file:/Applications/neo4j-community-2.2.2/lib/parboiled-core-1.1.7.jar
2015-11-20 04:51:08.953+0000 INFO  [o.n.k.i.DiagnosticsManager]:  [loader.1] file:/Library/Java/JavaVirtualMachines/jdk1.8.0_45.jdk/Contents/Home/jre/lib/ext/zipfs.jar
2015-11-20 04:51:08.953+0000 INFO  [o.n.k.i.DiagnosticsManager]:  [classpath + loader.0] file:/Applications/neo4j-community-2.2.2/lib/neo4j-cypher-compiler-2.0-2.0.4.jar
2015-11-20 04:51:08.953+0000 INFO  [o.n.k.i.DiagnosticsManager]:  [classpath + loader.0] file:/Applications/neo4j-community-2.2.2/lib/neo4j-primitive-collections-2.2.2.jar
2015-11-20 04:51:08.953+0000 INFO  [o.n.k.i.DiagnosticsManager]:  [classpath + loader.0] file:/Applications/neo4j-community-2.2.2/lib/neo4j-consistency-check-2.2.2.jar
2015-11-20 04:51:08.953+0000 INFO  [o.n.k.i.DiagnosticsManager]:  [classpath + loader.0] file:/Applications/neo4j-community-2.2.2/system/lib/logback-core-1.1.2.jar
2015-11-20 04:51:08.954+0000 INFO  [o.n.k.i.DiagnosticsManager]:  [classpath + loader.0] file:/Applications/neo4j-community-2.2.2/system/lib/jetty-security-9.2.4.v20141103.jar
2015-11-20 04:51:08.954+0000 INFO  [o.n.k.i.DiagnosticsManager]:  [classpath + loader.0] file:/Applications/neo4j-community-2.2.2/lib/scala-library-2.10.5.jar
2015-11-20 04:51:08.954+0000 INFO  [o.n.k.i.DiagnosticsManager]:  [classpath + loader.0] file:/Applications/neo4j-community-2.2.2/lib/neo4j-cypher-compiler-2.1-2.1.8.jar
2015-11-20 04:51:08.954+0000 INFO  [o.n.k.i.DiagnosticsManager]:  [classpath + loader.0] file:/Applications/neo4j-community-2.2.2/system/lib/jersey-server-1.18.1.jar
2015-11-20 04:51:08.954+0000 INFO  [o.n.k.i.DiagnosticsManager]:  [classpath + loader.0] file:/Applications/neo4j-community-2.2.2/system/lib/commons-compiler-2.6.1.jar
2015-11-20 04:51:08.954+0000 INFO  [o.n.k.i.DiagnosticsManager]:  [classpath + loader.0] file:/Applications/neo4j-community-2.2.2/system/lib/commons-beanutils-1.8.3.jar
2015-11-20 04:51:08.954+0000 INFO  [o.n.k.i.DiagnosticsManager]:  [classpath + loader.0] file:/Applications/neo4j-community-2.2.2/lib/parboiled-scala_2.10-1.1.7.jar
2015-11-20 04:51:08.954+0000 INFO  [o.n.k.i.DiagnosticsManager]:  [classpath + loader.0] file:/Applications/neo4j-community-2.2.2/lib/neo4j-cypher-compiler-2.2-2.2.2.jar
2015-11-20 04:51:08.954+0000 INFO  [o.n.k.i.DiagnosticsManager]:  [classpath + loader.0] file:/Applications/neo4j-community-2.2.2/system/lib/jackson-core-asl-1.9.13.jar
2015-11-20 04:51:08.954+0000 INFO  [o.n.k.i.DiagnosticsManager]:  [classpath + loader.0] file:/Applications/neo4j-community-2.2.2/lib/concurrentlinkedhashmap-lru-1.4.jar
2015-11-20 04:51:08.954+0000 INFO  [o.n.k.i.DiagnosticsManager]:  [classpath + loader.0] file:/Applications/neo4j-community-2.2.2/system/lib/bcprov-jdk16-140.jar
2015-11-20 04:51:08.954+0000 INFO  [o.n.k.i.DiagnosticsManager]:  [loader.1] file:/System/Library/Java/Extensions/MRJToolkit.jar
2015-11-20 04:51:08.954+0000 INFO  [o.n.k.i.DiagnosticsManager]:  [classpath + loader.0] file:/Applications/neo4j-community-2.2.2/lib/neo4j-graph-algo-2.2.2.jar
2015-11-20 04:51:08.954+0000 INFO  [o.n.k.i.DiagnosticsManager]:  [classpath + loader.0] file:/Applications/neo4j-community-2.2.2/system/lib/jetty-http-9.2.4.v20141103.jar
2015-11-20 04:51:08.954+0000 INFO  [o.n.k.i.DiagnosticsManager]:  [classpath + loader.0] file:/Applications/neo4j-community-2.2.2/system/lib/logback-classic-1.1.2.jar
2015-11-20 04:51:08.954+0000 INFO  [o.n.k.i.DiagnosticsManager]:  [loader.1] file:/Library/Java/JavaVirtualMachines/jdk1.8.0_45.jdk/Contents/Home/jre/lib/ext/jfxrt.jar
2015-11-20 04:51:08.954+0000 INFO  [o.n.k.i.DiagnosticsManager]:  [loader.1] file:/Library/Java/JavaVirtualMachines/jdk1.8.0_45.jdk/Contents/Home/jre/lib/ext/localedata.jar
2015-11-20 04:51:08.954+0000 INFO  [o.n.k.i.DiagnosticsManager]:  [bootstrap] /Library/Java/JavaVirtualMachines/jdk1.8.0_45.jdk/Contents/Home/jre/classes
2015-11-20 04:51:08.954+0000 INFO  [o.n.k.i.DiagnosticsManager]:  [classpath + loader.0] file:/Applications/neo4j-community-2.2.2/lib/neo4j-io-2.2.2.jar
2015-11-20 04:51:08.954+0000 INFO  [o.n.k.i.DiagnosticsManager]:  [classpath + loader.0] file:/Applications/neo4j-community-2.2.2/system/lib/jersey-multipart-1.18.1.jar
2015-11-20 04:51:08.954+0000 INFO  [o.n.k.i.DiagnosticsManager]:  [classpath + loader.0] file:/Applications/neo4j-community-2.2.2/conf/
2015-11-20 04:51:08.954+0000 INFO  [o.n.k.i.DiagnosticsManager]:  [bootstrap] /Library/Java/JavaVirtualMachines/jdk1.8.0_45.jdk/Contents/Home/jre/lib/resources.jar
2015-11-20 04:51:08.954+0000 INFO  [o.n.k.i.DiagnosticsManager]:  [classpath + loader.0] file:/Applications/neo4j-community-2.2.2/system/lib/neo4j-server-2.2.2-static-web.jar
2015-11-20 04:51:08.954+0000 INFO  [o.n.k.i.DiagnosticsManager]:  [classpath + loader.0] file:/Applications/neo4j-community-2.2.2/lib/neo4j-lucene-index-2.2.2.jar
2015-11-20 04:51:08.954+0000 INFO  [o.n.k.i.DiagnosticsManager]:  [classpath + loader.0] file:/Applications/neo4j-community-2.2.2/system/lib/jetty-xml-9.2.4.v20141103.jar
2015-11-20 04:51:08.954+0000 INFO  [o.n.k.i.DiagnosticsManager]:  [bootstrap] /Library/Java/JavaVirtualMachines/jdk1.8.0_45.jdk/Contents/Home/jre/lib/jce.jar
2015-11-20 04:51:08.954+0000 INFO  [o.n.k.i.DiagnosticsManager]:  [classpath + loader.0] file:/Applications/neo4j-community-2.2.2/lib/neo4j-cypher-2.2.2.jar
2015-11-20 04:51:08.954+0000 INFO  [o.n.k.i.DiagnosticsManager]:  [classpath + loader.0] file:/Applications/neo4j-community-2.2.2/system/lib/jersey-servlet-1.18.1.jar
2015-11-20 04:51:08.954+0000 INFO  [o.n.k.i.DiagnosticsManager]:  [classpath + loader.0] file:/Applications/neo4j-community-2.2.2/system/lib/javax.servlet-api-3.1.0.jar
2015-11-20 04:51:08.955+0000 INFO  [o.n.k.i.DiagnosticsManager]:  [classpath + loader.0] file:/Applications/neo4j-community-2.2.2/system/lib/logback-access-1.1.2.jar
2015-11-20 04:51:08.955+0000 INFO  [o.n.k.i.DiagnosticsManager]:  [classpath + loader.0] file:/Applications/neo4j-community-2.2.2/system/lib/commons-logging-1.1.1.jar
2015-11-20 04:51:08.955+0000 INFO  [o.n.k.i.DiagnosticsManager]:  [bootstrap] /Library/Java/JavaVirtualMachines/jdk1.8.0_45.jdk/Contents/Home/jre/lib/jfr.jar
2015-11-20 04:51:08.955+0000 INFO  [o.n.k.i.DiagnosticsManager]:  [classpath + loader.0] file:/Applications/neo4j-community-2.2.2/lib/neo4j-import-tool-2.2.2.jar
2015-11-20 04:51:08.955+0000 INFO  [o.n.k.i.DiagnosticsManager]:  [classpath + loader.0] file:/Applications/neo4j-community-2.2.2/system/lib/jcl-over-slf4j-1.7.7.jar
2015-11-20 04:51:08.955+0000 INFO  [o.n.k.i.DiagnosticsManager]:  [classpath + loader.0] file:/Applications/neo4j-community-2.2.2/system/lib/slf4j-api-1.7.7.jar
2015-11-20 04:51:08.955+0000 INFO  [o.n.k.i.DiagnosticsManager]:  [classpath + loader.0] file:/Applications/neo4j-community-2.2.2/system/lib/janino-2.6.1.jar
2015-11-20 04:51:08.955+0000 INFO  [o.n.k.i.DiagnosticsManager]:  [loader.1] file:/Library/Java/JavaVirtualMachines/jdk1.8.0_45.jdk/Contents/Home/jre/lib/ext/sunjce_provider.jar
2015-11-20 04:51:08.955+0000 INFO  [o.n.k.i.DiagnosticsManager]:  [classpath + loader.0] file:/Applications/neo4j-community-2.2.2/lib/neo4j-cypher-compiler-1.9-2.0.4.jar
2015-11-20 04:51:08.955+0000 INFO  [o.n.k.i.DiagnosticsManager]:  [classpath + loader.0] file:/Applications/neo4j-community-2.2.2/system/lib/rhino-1.7R4.jar
2015-11-20 04:51:08.955+0000 INFO  [o.n.k.i.DiagnosticsManager]:  [classpath + loader.0] file:/Applications/neo4j-community-2.2.2/lib/neo4j-graph-matching-2.2.2.jar
2015-11-20 04:51:08.955+0000 INFO  [o.n.k.i.DiagnosticsManager]:  [classpath + loader.0] file:/Applications/neo4j-community-2.2.2/lib/neo4j-jmx-2.2.2.jar
2015-11-20 04:51:08.955+0000 INFO  [o.n.k.i.DiagnosticsManager]:  [classpath + loader.0] file:/Applications/neo4j-community-2.2.2/system/lib/commons-io-2.4.jar
2015-11-20 04:51:08.955+0000 INFO  [o.n.k.i.DiagnosticsManager]:  [classpath + loader.0] file:/Applications/neo4j-community-2.2.2/system/lib/scala-reflect-2.10.5.jar
2015-11-20 04:51:08.955+0000 INFO  [o.n.k.i.DiagnosticsManager]:  [classpath + loader.0] file:/Applications/neo4j-community-2.2.2/lib/neo4j-udc-2.2.2.jar
2015-11-20 04:51:08.955+0000 INFO  [o.n.k.i.DiagnosticsManager]:  [bootstrap] /Library/Java/JavaVirtualMachines/jdk1.8.0_45.jdk/Contents/Home/jre/lib/jsse.jar
2015-11-20 04:51:08.955+0000 INFO  [o.n.k.i.DiagnosticsManager]:  [bootstrap] /Library/Java/JavaVirtualMachines/jdk1.8.0_45.jdk/Contents/Home/jre/lib/charsets.jar
2015-11-20 04:51:08.955+0000 INFO  [o.n.k.i.DiagnosticsManager]:  [classpath + loader.0] file:/Applications/neo4j-community-2.2.2/system/lib/commons-lang-2.6.jar
2015-11-20 04:51:08.955+0000 INFO  [o.n.k.i.DiagnosticsManager]:  [classpath + loader.0] file:/Applications/neo4j-community-2.2.2/system/lib/mimepull-1.9.3.jar
2015-11-20 04:51:08.955+0000 INFO  [o.n.k.i.DiagnosticsManager]:  [loader.1] file:/Library/Java/JavaVirtualMachines/jdk1.8.0_45.jdk/Contents/Home/jre/lib/ext/sunpkcs11.jar
2015-11-20 04:51:08.955+0000 INFO  [o.n.k.i.DiagnosticsManager]:  [classpath + loader.0] file:/Applications/neo4j-community-2.2.2/lib/lucene-core-3.6.2.jar
2015-11-20 04:51:08.955+0000 INFO  [o.n.k.i.DiagnosticsManager]:  [classpath + loader.0] file:/Applications/neo4j-community-2.2.2/system/lib/jetty-server-9.2.4.v20141103.jar
2015-11-20 04:51:08.955+0000 INFO  [o.n.k.i.DiagnosticsManager]:  [classpath + loader.0] file:/Applications/neo4j-community-2.2.2/system/lib/jetty-servlet-9.2.4.v20141103.jar
2015-11-20 04:51:08.955+0000 INFO  [o.n.k.i.DiagnosticsManager]:  [classpath + loader.0] file:/Applications/neo4j-community-2.2.2/system/lib/neo4j-browser-2.2.2.jar
2015-11-20 04:51:08.956+0000 INFO  [o.n.k.i.DiagnosticsManager]:  [bootstrap] /Library/Java/JavaVirtualMachines/jdk1.8.0_45.jdk/Contents/Home/jre/lib/rt.jar
2015-11-20 04:51:08.956+0000 INFO  [o.n.k.i.DiagnosticsManager]:  [classpath + loader.0] file:/Applications/neo4j-community-2.2.2/lib/opencsv-2.3.jar
2015-11-20 04:51:08.956+0000 INFO  [o.n.k.i.DiagnosticsManager]:  [classpath + loader.0] file:/Applications/neo4j-community-2.2.2/system/lib/jackson-mapper-asl-1.9.13.jar
2015-11-20 04:51:08.956+0000 INFO  [o.n.k.i.DiagnosticsManager]:  [loader.1] file:/Library/Java/JavaVirtualMachines/jdk1.8.0_45.jdk/Contents/Home/jre/lib/ext/dnsns.jar
2015-11-20 04:51:08.956+0000 INFO  [o.n.k.i.DiagnosticsManager]: Library path:
2015-11-20 04:51:08.956+0000 INFO  [o.n.k.i.DiagnosticsManager]: /Users/mouse/Library/Java/Extensions
2015-11-20 04:51:08.956+0000 INFO  [o.n.k.i.DiagnosticsManager]: /Library/Java/Extensions
2015-11-20 04:51:08.956+0000 INFO  [o.n.k.i.DiagnosticsManager]: /Network/Library/Java/Extensions
2015-11-20 04:51:08.956+0000 INFO  [o.n.k.i.DiagnosticsManager]: /System/Library/Java/Extensions
2015-11-20 04:51:08.956+0000 INFO  [o.n.k.i.DiagnosticsManager]: /usr/lib/java
2015-11-20 04:51:08.956+0000 INFO  [o.n.k.i.DiagnosticsManager]: /Applications/neo4j-community-2.2.2
2015-11-20 04:51:08.956+0000 INFO  [o.n.k.i.DiagnosticsManager]: System.properties:
2015-11-20 04:51:08.959+0000 INFO  [o.n.k.i.DiagnosticsManager]: sun.boot.library.path = /Library/Java/JavaVirtualMachines/jdk1.8.0_45.jdk/Contents/Home/jre/lib
2015-11-20 04:51:08.959+0000 INFO  [o.n.k.i.DiagnosticsManager]: org.neo4j.server.properties = conf/neo4j-server.properties
2015-11-20 04:51:08.959+0000 INFO  [o.n.k.i.DiagnosticsManager]: gopherProxySet = false
2015-11-20 04:51:08.959+0000 INFO  [o.n.k.i.DiagnosticsManager]: path.separator = :
2015-11-20 04:51:08.959+0000 INFO  [o.n.k.i.DiagnosticsManager]: file.encoding.pkg = sun.io
2015-11-20 04:51:08.959+0000 INFO  [o.n.k.i.DiagnosticsManager]: user.country = US
2015-11-20 04:51:08.959+0000 INFO  [o.n.k.i.DiagnosticsManager]: sun.java.launcher = SUN_STANDARD
2015-11-20 04:51:08.959+0000 INFO  [o.n.k.i.DiagnosticsManager]: sun.os.patch.level = unknown
2015-11-20 04:51:08.959+0000 INFO  [o.n.k.i.DiagnosticsManager]: user.dir = /Applications/neo4j-community-2.2.2
2015-11-20 04:51:08.959+0000 INFO  [o.n.k.i.DiagnosticsManager]: neo4j.ext.udc.source = tarball
2015-11-20 04:51:08.959+0000 INFO  [o.n.k.i.DiagnosticsManager]: log4j.configuration = file:conf/log4j.properties
2015-11-20 04:51:08.959+0000 INFO  [o.n.k.i.DiagnosticsManager]: sun.jnu.encoding = UTF-8
2015-11-20 04:51:08.959+0000 INFO  [o.n.k.i.DiagnosticsManager]: sun.management.compiler = HotSpot 64-Bit Tiered Compilers
2015-11-20 04:51:08.959+0000 INFO  [o.n.k.i.DiagnosticsManager]: http.nonProxyHosts = local|*.local|169.254/16|*.169.254/16
2015-11-20 04:51:08.959+0000 INFO  [o.n.k.i.DiagnosticsManager]: user.home = /Users/mouse
2015-11-20 04:51:08.959+0000 INFO  [o.n.k.i.DiagnosticsManager]: user.timezone = America/Los_Angeles
2015-11-20 04:51:08.959+0000 INFO  [o.n.k.i.DiagnosticsManager]: file.encoding = UTF-8
2015-11-20 04:51:08.959+0000 INFO  [o.n.k.i.DiagnosticsManager]: user.name = mouse
2015-11-20 04:51:08.959+0000 INFO  [o.n.k.i.DiagnosticsManager]: sun.java.command = org.neo4j.server.Bootstrapper
2015-11-20 04:51:08.959+0000 INFO  [o.n.k.i.DiagnosticsManager]: sun.arch.data.model = 64
2015-11-20 04:51:08.960+0000 INFO  [o.n.k.i.DiagnosticsManager]: user.language = en
2015-11-20 04:51:08.960+0000 INFO  [o.n.k.i.DiagnosticsManager]: awt.toolkit = sun.lwawt.macosx.LWCToolkit
2015-11-20 04:51:08.960+0000 INFO  [o.n.k.i.DiagnosticsManager]: file.separator = /
2015-11-20 04:51:08.960+0000 INFO  [o.n.k.i.DiagnosticsManager]: sun.io.unicode.encoding = UnicodeBig
2015-11-20 04:51:08.960+0000 INFO  [o.n.k.i.DiagnosticsManager]: sun.cpu.endian = little
2015-11-20 04:51:08.960+0000 INFO  [o.n.k.i.DiagnosticsManager]: socksNonProxyHosts = local|*.local|169.254/16|*.169.254/16
2015-11-20 04:51:08.960+0000 INFO  [o.n.k.i.DiagnosticsManager]: neo4j.instance = /Applications/neo4j-community-2.2.2
2015-11-20 04:51:08.960+0000 INFO  [o.n.k.i.DiagnosticsManager]: ftp.nonProxyHosts = local|*.local|169.254/16|*.169.254/16
2015-11-20 04:51:08.960+0000 INFO  [o.n.k.i.DiagnosticsManager]: neo4j.home = /Applications/neo4j-community-2.2.2
2015-11-20 04:51:08.960+0000 INFO  [o.n.k.i.DiagnosticsManager]: sun.cpu.isalist = 
2015-11-20 04:51:08.960+0000 INFO  [o.n.k.i.DiagnosticsManager]: Network information:
2015-11-20 04:51:08.970+0000 INFO  [o.n.k.i.DiagnosticsManager]: Interface utun0:
2015-11-20 04:51:08.973+0000 INFO  [o.n.k.i.DiagnosticsManager]:     address: fe80:0:0:0:ade2:3d55:a82e:165e%utun0
2015-11-20 04:51:08.973+0000 INFO  [o.n.k.i.DiagnosticsManager]: Interface awdl0:
2015-11-20 04:51:08.973+0000 INFO  [o.n.k.i.DiagnosticsManager]:     address: fe80:0:0:0:4094:d2ff:fe7c:a389%awdl0
2015-11-20 04:51:08.974+0000 INFO  [o.n.k.i.DiagnosticsManager]: Interface en0:
2015-11-20 04:51:08.974+0000 INFO  [o.n.k.i.DiagnosticsManager]:     address: 2602:302:d1c8:8630:9027:f4d5:cd10:549b
2015-11-20 04:51:08.974+0000 INFO  [o.n.k.i.DiagnosticsManager]:     address: 2602:302:d1c8:8630:9ae0:d9ff:fe88:d65
2015-11-20 04:51:08.974+0000 INFO  [o.n.k.i.DiagnosticsManager]:     address: fe80:0:0:0:9ae0:d9ff:fe88:d65%en0
2015-11-20 04:51:08.974+0000 INFO  [o.n.k.i.DiagnosticsManager]:     address: 192.168.1.69
2015-11-20 04:51:08.974+0000 INFO  [o.n.k.i.DiagnosticsManager]: Interface lo0:
2015-11-20 04:51:08.975+0000 INFO  [o.n.k.i.DiagnosticsManager]:     address: fe80:0:0:0:0:0:0:1%lo0
2015-11-20 04:51:08.975+0000 INFO  [o.n.k.i.DiagnosticsManager]:     address: 0:0:0:0:0:0:0:1
2015-11-20 04:51:08.975+0000 INFO  [o.n.k.i.DiagnosticsManager]:     address: 127.0.0.1
2015-11-20 04:51:08.975+0000 INFO  [o.n.k.i.DiagnosticsManager]: --- INITIALIZED diagnostics END ---
2015-11-20 04:51:09.726+0000 INFO  [o.n.k.i.s.StoreFactory]: Creating new db @ /Applications/neo4j-community-2.2.2/data/graph.db/neostore
2015-11-20 04:51:10.506+0000 INFO  [o.n.k.a.i.i.LuceneLabelScanStore]: No lucene scan store index found, this might just be first use. Preparing to rebuild.
2015-11-20 04:51:10.636+0000 INFO  [o.n.k.a.i.i.LuceneLabelScanStore]: No lucene scan store index found, this might just be first use. Preparing to rebuild.
2015-11-20 04:51:10.860+0000 INFO  [o.n.k.NeoStoreDataSource]: Opened logical log [/Applications/neo4j-community-2.2.2/data/graph.db/neostore.transaction.db.0] version=0, lastTxId=1 (clean)
2015-11-20 04:51:10.867+0000 WARN  [o.n.k.i.s.StoreFactory]: Missing counts store, rebuilding it.
2015-11-20 04:51:11.054+0000 INFO  [o.n.k.a.i.i.LuceneLabelScanStore]: Rebuilding lucene scan store, this may take a while
2015-11-20 04:51:11.058+0000 INFO  [o.n.k.a.i.i.LuceneLabelScanStore]: Lucene scan store rebuilt (roughly -1 nodes)
2015-11-20 04:51:11.081+0000 INFO  [o.n.k.KernelHealth]: Kernel health set to OK
2015-11-20 04:51:13.905+0000 INFO  [o.n.k.i.DiagnosticsManager]: --- STARTED diagnostics for KernelDiagnostics:Versions START ---
2015-11-20 04:51:13.906+0000 INFO  [o.n.k.i.DiagnosticsManager]: Graph Database: org.neo4j.kernel.EmbeddedGraphDatabase StoreId{creationTime=1447995069723, randomId=351153264643109668, storeVersion=14969031248344582, upgradeTime=1447995069723, upgradeId=1}
2015-11-20 04:51:13.906+0000 INFO  [o.n.k.i.DiagnosticsManager]: Kernel version: Neo4j - Graph Database Kernel (neo4j-kernel), version: 2.2.2
2015-11-20 04:51:13.906+0000 INFO  [o.n.k.i.DiagnosticsManager]: Neo4j component versions:
2015-11-20 04:51:13.916+0000 INFO  [o.n.k.i.DiagnosticsManager]:   Neo4j - Cypher Compiler 1.9 (neo4j-cypher-compiler-1.9), version: 2.0.4; revision: 2.0.4:2.0-maint:130/4a7d10bc274a5d26a180bbe9df25100e8a694748
2015-11-20 04:51:13.916+0000 INFO  [o.n.k.i.DiagnosticsManager]:   Neo4j - Consistency Checker (neo4j-consistency-check), version: 2.2.2; revision: 2.2.2:2.2:973/0ee8628da67da8c582a299d6aa109768be6886d7
2015-11-20 04:51:13.916+0000 INFO  [o.n.k.i.DiagnosticsManager]:   Neo4j - Cypher Compiler 2.2 (neo4j-cypher-compiler-2.2), version: 2.2.2; revision: 2.2.2:2.2:973/0ee8628da67da8c582a299d6aa109768be6886d7
2015-11-20 04:51:13.916+0000 INFO  [o.n.k.i.DiagnosticsManager]:   Neo4j - Import Command Line Tool (neo4j-import-tool), version: 2.2.2; revision: 2.2.2:2.2:973/0ee8628da67da8c582a299d6aa109768be6886d7
2015-11-20 04:51:13.916+0000 INFO  [o.n.k.i.DiagnosticsManager]:   Neo4j - Server API (server-api), version: 2.2.2; revision: 2.2.2:2.2:973/0ee8628da67da8c582a299d6aa109768be6886d7
2015-11-20 04:51:13.916+0000 INFO  [o.n.k.i.DiagnosticsManager]:   Neo4j - Graph Database Kernel (neo4j-kernel), version: 2.2.2; revision: 2.2.2:2.2:973/0ee8628da67da8c582a299d6aa109768be6886d7
2015-11-20 04:51:13.916+0000 INFO  [o.n.k.i.DiagnosticsManager]:   Neo4j - Cypher Compiler 2.1 (neo4j-cypher-compiler-2.1), version: 2.1.8; revision: 2.1.8:2.1-maint:687/5c83ce3a5ddf33259593f719153ce71a6fe89fc7
2015-11-20 04:51:13.916+0000 INFO  [o.n.k.i.DiagnosticsManager]:   Neo4j - Generic shell (neo4j-shell), version: 2.2.2; revision: 2.2.2:2.2:973/0ee8628da67da8c582a299d6aa109768be6886d7
2015-11-20 04:51:13.916+0000 INFO  [o.n.k.i.DiagnosticsManager]:   neo4j-udc, version: 2.2.2; revision: 2.2.2:2.2:973/0ee8628da67da8c582a299d6aa109768be6886d7
2015-11-20 04:51:13.917+0000 INFO  [o.n.k.i.DiagnosticsManager]:   Neo4j - Lucene Index (neo4j-lucene-index), version: 2.2.2; revision: 2.2.2:2.2:973/0ee8628da67da8c582a299d6aa109768be6886d7
2015-11-20 04:51:13.917+0000 INFO  [o.n.k.i.DiagnosticsManager]:   Neo4j - Server (neo4j-server), version: 2.2.2; revision: 2.2.2:2.2:973/0ee8628da67da8c582a299d6aa109768be6886d7
2015-11-20 04:51:13.917+0000 INFO  [o.n.k.i.DiagnosticsManager]:   Neo4j - Cypher Compiler 2.0 (neo4j-cypher-compiler-2.0), version: 2.0.4; revision: 2.0.4:2.0-maint:130/4a7d10bc274a5d26a180bbe9df25100e8a694748
2015-11-20 04:51:13.917+0000 INFO  [o.n.k.i.DiagnosticsManager]:   Neo4j - Graph Matching (neo4j-graph-matching), version: 2.2.2; revision: 2.2.2:2.2:973/0ee8628da67da8c582a299d6aa109768be6886d7
2015-11-20 04:51:13.917+0000 INFO  [o.n.k.i.DiagnosticsManager]:   Neo4j - JMX support (neo4j-jmx), version: 2.2.2; revision: 2.2.2:2.2:973/0ee8628da67da8c582a299d6aa109768be6886d7
2015-11-20 04:51:13.917+0000 INFO  [o.n.k.i.DiagnosticsManager]:   Neo4j - Cypher (neo4j-cypher), version: 2.2.2; revision: 2.2.2:2.2:973/0ee8628da67da8c582a299d6aa109768be6886d7
2015-11-20 04:51:13.917+0000 INFO  [o.n.k.i.DiagnosticsManager]:   Neo4j - Graph Algorithms (neo4j-graph-algo), version: 2.2.2; revision: 2.2.2:2.2:973/0ee8628da67da8c582a299d6aa109768be6886d7
2015-11-20 04:51:13.917+0000 INFO  [o.n.k.i.DiagnosticsManager]: --- STARTED diagnostics for KernelDiagnostics:Versions END ---
2015-11-20 04:51:13.920+0000 INFO  [o.n.k.i.DiagnosticsManager]: --- STARTED diagnostics for NEO_STORE_VERSIONS START ---
2015-11-20 04:51:13.921+0000 INFO  [o.n.k.i.DiagnosticsManager]: Store versions:
2015-11-20 04:51:13.921+0000 INFO  [o.n.k.i.DiagnosticsManager]: Store versions:
2015-11-20 04:51:13.922+0000 INFO  [o.n.k.i.DiagnosticsManager]:   NeoStore v0.A.5
2015-11-20 04:51:13.922+0000 INFO  [o.n.k.i.DiagnosticsManager]:   SchemaStore v0.A.5
2015-11-20 04:51:13.922+0000 INFO  [o.n.k.i.DiagnosticsManager]:   NodeStore v0.A.5
2015-11-20 04:51:13.922+0000 INFO  [o.n.k.i.DiagnosticsManager]:   RelationshipStore v0.A.5
2015-11-20 04:51:13.922+0000 INFO  [o.n.k.i.DiagnosticsManager]:   RelationshipTypeStore v0.A.5
2015-11-20 04:51:13.922+0000 INFO  [o.n.k.i.DiagnosticsManager]:   LabelTokenStore v0.A.5
2015-11-20 04:51:13.922+0000 INFO  [o.n.k.i.DiagnosticsManager]:   PropertyStore v0.A.5
2015-11-20 04:51:13.922+0000 INFO  [o.n.k.i.DiagnosticsManager]:   PropertyIndexStore v0.A.5
2015-11-20 04:51:13.922+0000 INFO  [o.n.k.i.DiagnosticsManager]:   StringPropertyStore v0.A.5
2015-11-20 04:51:13.922+0000 INFO  [o.n.k.i.DiagnosticsManager]:   ArrayPropertyStore v0.A.5
2015-11-20 04:51:13.922+0000 INFO  [o.n.k.i.DiagnosticsManager]:   RelationshipGroupStore v0.A.5
2015-11-20 04:51:13.922+0000 INFO  [o.n.k.i.DiagnosticsManager]: --- STARTED diagnostics for NEO_STORE_VERSIONS END ---
2015-11-20 04:51:13.922+0000 INFO  [o.n.k.i.DiagnosticsManager]: --- STARTED diagnostics for NEO_STORE_ID_USAGE START ---
2015-11-20 04:51:13.922+0000 INFO  [o.n.k.i.DiagnosticsManager]: Id usage:
2015-11-20 04:51:13.923+0000 INFO  [o.n.k.i.DiagnosticsManager]: Id usage:
2015-11-20 04:51:13.923+0000 INFO  [o.n.k.i.DiagnosticsManager]:   SchemaStore: used=1 high=0
2015-11-20 04:51:13.923+0000 INFO  [o.n.k.i.DiagnosticsManager]:   NodeStore: used=0 high=-1
2015-11-20 04:51:13.923+0000 INFO  [o.n.k.i.DiagnosticsManager]:   RelationshipStore: used=0 high=-1
2015-11-20 04:51:13.923+0000 INFO  [o.n.k.i.DiagnosticsManager]:   RelationshipTypeStore: used=0 high=-1
2015-11-20 04:51:13.923+0000 INFO  [o.n.k.i.DiagnosticsManager]:   LabelTokenStore: used=0 high=-1
2015-11-20 04:51:13.923+0000 INFO  [o.n.k.i.DiagnosticsManager]:   PropertyStore: used=0 high=-1
2015-11-20 04:51:13.923+0000 INFO  [o.n.k.i.DiagnosticsManager]:   PropertyIndexStore: used=0 high=-1
2015-11-20 04:51:13.924+0000 INFO  [o.n.k.i.DiagnosticsManager]:   StringPropertyStore: used=1 high=0
2015-11-20 04:51:13.924+0000 INFO  [o.n.k.i.DiagnosticsManager]:   ArrayPropertyStore: used=1 high=0
2015-11-20 04:51:13.924+0000 INFO  [o.n.k.i.DiagnosticsManager]:   RelationshipGroupStore: used=1 high=0
2015-11-20 04:51:13.924+0000 INFO  [o.n.k.i.DiagnosticsManager]: --- STARTED diagnostics for NEO_STORE_ID_USAGE END ---
2015-11-20 04:51:13.924+0000 INFO  [o.n.k.i.DiagnosticsManager]: --- STARTED diagnostics for KernelDiagnostics:StoreFiles START ---
2015-11-20 04:51:13.924+0000 INFO  [o.n.k.i.DiagnosticsManager]: Disk space on partition (Total / Free / Free %): 249795969024 / 198881058816 / 79
Storage files: (filename : modification date - size)
2015-11-20 04:51:13.925+0000 INFO  [o.n.k.i.DiagnosticsManager]:   index:
2015-11-20 04:51:13.926+0000 INFO  [o.n.k.i.DiagnosticsManager]:   - Total: 2015-11-19T20:51:09-0800 - 0.00 B
2015-11-20 04:51:13.926+0000 INFO  [o.n.k.i.DiagnosticsManager]:   lock: 2015-11-19T20:51:10-0800 - 0.00 B
2015-11-20 04:51:13.926+0000 INFO  [o.n.k.i.DiagnosticsManager]:   messages.log: 2015-11-19T20:51:13-0800 - 32.45 kB
2015-11-20 04:51:13.926+0000 INFO  [o.n.k.i.DiagnosticsManager]:   neostore: 2015-11-19T20:51:10-0800 - 99.00 B
2015-11-20 04:51:13.927+0000 INFO  [o.n.k.i.DiagnosticsManager]:   neostore.counts.db.a: 2015-11-19T20:51:11-0800 - 114.00 B
2015-11-20 04:51:13.927+0000 INFO  [o.n.k.i.DiagnosticsManager]:   neostore.id: 2015-11-19T20:51:10-0800 - 9.00 B
2015-11-20 04:51:13.927+0000 INFO  [o.n.k.i.DiagnosticsManager]:   neostore.labeltokenstore.db: 2015-11-19T20:51:10-0800 - 0.00 B
2015-11-20 04:51:13.927+0000 INFO  [o.n.k.i.DiagnosticsManager]:   neostore.labeltokenstore.db.id: 2015-11-19T20:51:10-0800 - 9.00 B
2015-11-20 04:51:13.928+0000 INFO  [o.n.k.i.DiagnosticsManager]:   neostore.labeltokenstore.db.names: 2015-11-19T20:51:10-0800 - 38.00 B
2015-11-20 04:51:13.928+0000 INFO  [o.n.k.i.DiagnosticsManager]:   neostore.labeltokenstore.db.names.id: 2015-11-19T20:51:10-0800 - 9.00 B
2015-11-20 04:51:13.928+0000 INFO  [o.n.k.i.DiagnosticsManager]:   neostore.nodestore.db: 2015-11-19T20:51:10-0800 - 0.00 B
2015-11-20 04:51:13.929+0000 INFO  [o.n.k.i.DiagnosticsManager]:   neostore.nodestore.db.id: 2015-11-19T20:51:10-0800 - 9.00 B
2015-11-20 04:51:13.929+0000 INFO  [o.n.k.i.DiagnosticsManager]:   neostore.nodestore.db.labels: 2015-11-19T20:51:10-0800 - 68.00 B
2015-11-20 04:51:13.929+0000 INFO  [o.n.k.i.DiagnosticsManager]:   neostore.nodestore.db.labels.id: 2015-11-19T20:51:10-0800 - 9.00 B
2015-11-20 04:51:13.929+0000 INFO  [o.n.k.i.DiagnosticsManager]:   neostore.propertystore.db: 2015-11-19T20:51:10-0800 - 0.00 B
2015-11-20 04:51:13.929+0000 INFO  [o.n.k.i.DiagnosticsManager]:   neostore.propertystore.db.arrays: 2015-11-19T20:51:10-0800 - 128.00 B
2015-11-20 04:51:13.929+0000 INFO  [o.n.k.i.DiagnosticsManager]:   neostore.propertystore.db.arrays.id: 2015-11-19T20:51:10-0800 - 9.00 B
2015-11-20 04:51:13.930+0000 INFO  [o.n.k.i.DiagnosticsManager]:   neostore.propertystore.db.id: 2015-11-19T20:51:10-0800 - 9.00 B
2015-11-20 04:51:13.930+0000 INFO  [o.n.k.i.DiagnosticsManager]:   neostore.propertystore.db.index: 2015-11-19T20:51:10-0800 - 0.00 B
2015-11-20 04:51:13.930+0000 INFO  [o.n.k.i.DiagnosticsManager]:   neostore.propertystore.db.index.id: 2015-11-19T20:51:10-0800 - 9.00 B
2015-11-20 04:51:13.930+0000 INFO  [o.n.k.i.DiagnosticsManager]:   neostore.propertystore.db.index.keys: 2015-11-19T20:51:10-0800 - 38.00 B
2015-11-20 04:51:13.930+0000 INFO  [o.n.k.i.DiagnosticsManager]:   neostore.propertystore.db.index.keys.id: 2015-11-19T20:51:10-0800 - 9.00 B
2015-11-20 04:51:13.930+0000 INFO  [o.n.k.i.DiagnosticsManager]:   neostore.propertystore.db.strings: 2015-11-19T20:51:10-0800 - 128.00 B
2015-11-20 04:51:13.931+0000 INFO  [o.n.k.i.DiagnosticsManager]:   neostore.propertystore.db.strings.id: 2015-11-19T20:51:10-0800 - 9.00 B
2015-11-20 04:51:13.931+0000 INFO  [o.n.k.i.DiagnosticsManager]:   neostore.relationshipgroupstore.db: 2015-11-19T20:51:10-0800 - 25.00 B
2015-11-20 04:51:13.931+0000 INFO  [o.n.k.i.DiagnosticsManager]:   neostore.relationshipgroupstore.db.id: 2015-11-19T20:51:10-0800 - 9.00 B
2015-11-20 04:51:13.931+0000 INFO  [o.n.k.i.DiagnosticsManager]:   neostore.relationshipstore.db: 2015-11-19T20:51:10-0800 - 0.00 B
2015-11-20 04:51:13.932+0000 INFO  [o.n.k.i.DiagnosticsManager]:   neostore.relationshipstore.db.id: 2015-11-19T20:51:10-0800 - 9.00 B
2015-11-20 04:51:13.932+0000 INFO  [o.n.k.i.DiagnosticsManager]:   neostore.relationshiptypestore.db: 2015-11-19T20:51:10-0800 - 0.00 B
2015-11-20 04:51:13.932+0000 INFO  [o.n.k.i.DiagnosticsManager]:   neostore.relationshiptypestore.db.id: 2015-11-19T20:51:10-0800 - 9.00 B
2015-11-20 04:51:13.933+0000 INFO  [o.n.k.i.DiagnosticsManager]:   neostore.relationshiptypestore.db.names: 2015-11-19T20:51:10-0800 - 38.00 B
2015-11-20 04:51:13.933+0000 INFO  [o.n.k.i.DiagnosticsManager]:   neostore.relationshiptypestore.db.names.id: 2015-11-19T20:51:10-0800 - 9.00 B
2015-11-20 04:51:13.933+0000 INFO  [o.n.k.i.DiagnosticsManager]:   neostore.schemastore.db: 2015-11-19T20:51:10-0800 - 64.00 B
2015-11-20 04:51:13.933+0000 INFO  [o.n.k.i.DiagnosticsManager]:   neostore.schemastore.db.id: 2015-11-19T20:51:10-0800 - 9.00 B
2015-11-20 04:51:13.934+0000 INFO  [o.n.k.i.DiagnosticsManager]:   neostore.transaction.db.0: 2015-11-19T20:51:10-0800 - 16.00 B
2015-11-20 04:51:13.934+0000 INFO  [o.n.k.i.DiagnosticsManager]:   schema:
2015-11-20 04:51:13.934+0000 INFO  [o.n.k.i.DiagnosticsManager]:     label:
2015-11-20 04:51:13.934+0000 INFO  [o.n.k.i.DiagnosticsManager]:       lucene:
2015-11-20 04:51:13.934+0000 INFO  [o.n.k.i.DiagnosticsManager]:         write.lock: 2015-11-19T20:51:10-0800 - 0.00 B
2015-11-20 04:51:13.935+0000 INFO  [o.n.k.i.DiagnosticsManager]:       - Total: 2015-11-19T20:51:10-0800 - 0.00 B
2015-11-20 04:51:13.935+0000 INFO  [o.n.k.i.DiagnosticsManager]:     - Total: 2015-11-19T20:51:10-0800 - 0.00 B
2015-11-20 04:51:13.935+0000 INFO  [o.n.k.i.DiagnosticsManager]:   - Total: 2015-11-19T20:51:10-0800 - 0.00 B
2015-11-20 04:51:13.936+0000 INFO  [o.n.k.i.DiagnosticsManager]:   store_lock: 2015-11-19T20:51:09-0800 - 0.00 B
2015-11-20 04:51:13.936+0000 INFO  [o.n.k.i.DiagnosticsManager]: --- STARTED diagnostics for KernelDiagnostics:StoreFiles END ---
2015-11-20 04:51:14.053+0000 INFO  [o.n.k.EmbeddedGraphDatabase]: Database is now ready
2015-11-20 04:51:14.053+0000 INFO  [o.n.s.d.LifecycleManagingDatabase]: Successfully started database
2015-11-20 04:51:14.056+0000 INFO  [o.n.k.i.DiagnosticsManager]: --- SERVER STARTED START ---
2015-11-20 04:51:14.297+0000 INFO  [o.n.s.CommunityNeoServer]: Starting HTTP on port :7474 with 4 threads available
2015-11-20 04:51:15.080+0000 INFO  [o.n.s.CommunityNeoServer]: Enabling HTTPS on port :7473
2015-11-20 04:51:15.661+0000 INFO  [o.n.s.w.Jetty9WebServer]: Mounting static content at [/webadmin] from [webadmin-html]
2015-11-20 04:51:15.825+0000 INFO  [o.n.s.w.Jetty9WebServer]: Mounting static content at [/browser] from [browser]
2015-11-20 04:51:17.788+0000 INFO  [o.n.s.CommunityNeoServer]: Server started on: http://localhost:7474/
2015-11-20 04:51:17.788+0000 INFO  [o.n.s.CommunityNeoServer]: Remote interface ready and available at [http://localhost:7474/]
2015-11-20 04:51:17.789+0000 INFO  [o.n.k.i.DiagnosticsManager]: --- SERVER STARTED END ---
2015-11-20 04:51:55.634+0000 INFO  [o.n.k.i.q.QueryExecutionEngine]: Discarded stale query from the query cache: CYPHER 2.2 MATCH (n:grimoires) RETURN n
2015-11-20 04:51:55.636+0000 INFO  [o.n.k.i.q.QueryExecutionEngine]: Discarded stale query from the query cache: Query(None,SingleQuery(List(Match(false,Pattern(List(EveryPath(NodePattern(Some(Identifier(n)),List(),None,false)))),List(),Some(Where(HasLabels(Identifier(n),List(LabelName(grimoires)))))), Return(false,ReturnItems(false,List(AliasedReturnItem(Identifier(n),Identifier(n)))),None,None,None))))
2015-11-20 04:51:55.636+0000 INFO  [o.n.k.i.q.QueryExecutionEngine]: Discarded stale query from the query cache: Query(None,SingleQuery(List(Match(false,Pattern(List(EveryPath(NodePattern(Some(Identifier(n)),List(),None,false)))),List(),Some(Where(HasLabels(Identifier(n),List(LabelName(grimoires)))))), Return(false,ReturnItems(false,List(AliasedReturnItem(Identifier(n),Identifier(n)))),None,None,None))))
2015-11-20 04:51:55.636+0000 INFO  [o.n.k.i.q.QueryExecutionEngine]: Discarded stale query from the query cache: Query(None,SingleQuery(List(Match(false,Pattern(List(EveryPath(NodePattern(Some(Identifier(n)),List(),None,false)))),List(),Some(Where(HasLabels(Identifier(n),List(LabelName(grimoires)))))), Return(false,ReturnItems(false,List(AliasedReturnItem(Identifier(n),Identifier(n)))),None,None,None))))
2015-11-20 04:51:55.636+0000 INFO  [o.n.k.i.q.QueryExecutionEngine]: Discarded stale query from the query cache: Query(None,SingleQuery(List(Match(false,Pattern(List(EveryPath(NodePattern(Some(Identifier(n)),List(),None,false)))),List(),Some(Where(HasLabels(Identifier(n),List(LabelName(grimoires)))))), Return(false,ReturnItems(false,List(AliasedReturnItem(Identifier(n),Identifier(n)))),None,None,None))))
2015-11-20 04:52:00.019+0000 INFO  [o.n.k.i.q.QueryExecutionEngine]: Discarded stale query from the query cache: CYPHER 2.2 MATCH n RETURN DISTINCT LABELS(n)
2015-11-20 04:52:00.021+0000 INFO  [o.n.k.i.q.QueryExecutionEngine]: Discarded stale query from the query cache: Query(None,SingleQuery(List(Match(false,Pattern(List(EveryPath(NodePattern(Some(Identifier(n)),List(),None,true)))),List(),None), Return(true,ReturnItems(false,List(AliasedReturnItem(FunctionInvocation(FunctionName(LABELS),false,Vector(Identifier(n))),Identifier(LABELS(n))))),None,None,None))))
2015-11-20 04:52:00.021+0000 INFO  [o.n.k.i.q.QueryExecutionEngine]: Discarded stale query from the query cache: Query(None,SingleQuery(List(Match(false,Pattern(List(EveryPath(NodePattern(Some(Identifier(n)),List(),None,true)))),List(),None), Return(true,ReturnItems(false,List(AliasedReturnItem(FunctionInvocation(FunctionName(LABELS),false,Vector(Identifier(n))),Identifier(LABELS(n))))),None,None,None))))
2015-11-20 04:52:00.021+0000 INFO  [o.n.k.i.q.QueryExecutionEngine]: Discarded stale query from the query cache: Query(None,SingleQuery(List(Match(false,Pattern(List(EveryPath(NodePattern(Some(Identifier(n)),List(),None,true)))),List(),None), Return(true,ReturnItems(false,List(AliasedReturnItem(FunctionInvocation(FunctionName(LABELS),false,Vector(Identifier(n))),Identifier(LABELS(n))))),None,None,None))))
2015-11-20 04:52:00.021+0000 INFO  [o.n.k.i.q.QueryExecutionEngine]: Discarded stale query from the query cache: Query(None,SingleQuery(List(Match(false,Pattern(List(EveryPath(NodePattern(Some(Identifier(n)),List(),None,true)))),List(),None), Return(true,ReturnItems(false,List(AliasedReturnItem(FunctionInvocation(FunctionName(LABELS),false,Vector(Identifier(n))),Identifier(LABELS(n))))),None,None,None))))
2015-11-20 04:52:00.075+0000 INFO  [o.n.k.i.q.QueryExecutionEngine]: Discarded stale query from the query cache: Query(None,SingleQuery(List(Match(false,Pattern(List(EveryPath(NodePattern(Some(Identifier(n)),List(),None,true)))),List(),Some(Where(Equals(FunctionInvocation(FunctionName(id),false,Vector(Identifier(n))),Parameter(  AUTOINT0))))), Match(true,Pattern(List(EveryPath(RelationshipChain(NodePattern(Some(Identifier(n)),List(),None,false),RelationshipPattern(Some(Identifier(r)),false,List(),None,None,BOTH),NodePattern(Some(Identifier(  UNNAMED48)),List(),None,false))))),List(),None), Return(false,ReturnItems(false,List(AliasedReturnItem(Identifier(n),Identifier(n)), AliasedReturnItem(Identifier(r),Identifier(r)))),None,None,None))))
2015-11-20 04:52:00.075+0000 INFO  [o.n.k.i.q.QueryExecutionEngine]: Discarded stale query from the query cache: Query(None,SingleQuery(List(Match(false,Pattern(List(EveryPath(NodePattern(Some(Identifier(n)),List(),None,true)))),List(),Some(Where(Equals(FunctionInvocation(FunctionName(id),false,Vector(Identifier(n))),Parameter(  AUTOINT0))))), Match(true,Pattern(List(EveryPath(RelationshipChain(NodePattern(Some(Identifier(n)),List(),None,false),RelationshipPattern(Some(Identifier(r)),false,List(),None,None,BOTH),NodePattern(Some(Identifier(  UNNAMED48)),List(),None,false))))),List(),None), Return(false,ReturnItems(false,List(AliasedReturnItem(Identifier(n),Identifier(n)), AliasedReturnItem(Identifier(r),Identifier(r)))),None,None,None))))
2015-11-20 04:52:00.077+0000 INFO  [o.n.k.i.q.QueryExecutionEngine]: Discarded stale query from the query cache: Query(None,SingleQuery(List(Match(false,Pattern(List(EveryPath(NodePattern(Some(Identifier(n)),List(),None,true)))),List(),Some(Where(Equals(FunctionInvocation(FunctionName(id),false,Vector(Identifier(n))),Parameter(  AUTOINT0))))), Match(true,Pattern(List(EveryPath(RelationshipChain(NodePattern(Some(Identifier(n)),List(),None,false),RelationshipPattern(Some(Identifier(r)),false,List(),None,None,BOTH),NodePattern(Some(Identifier(  UNNAMED48)),List(),None,false))))),List(),None), Return(false,ReturnItems(false,List(AliasedReturnItem(Identifier(n),Identifier(n)), AliasedReturnItem(Identifier(r),Identifier(r)))),None,None,None))))
2015-11-20 04:52:00.077+0000 INFO  [o.n.k.i.q.QueryExecutionEngine]: Discarded stale query from the query cache: Query(None,SingleQuery(List(Match(false,Pattern(List(EveryPath(NodePattern(Some(Identifier(n)),List(),None,true)))),List(),Some(Where(Equals(FunctionInvocation(FunctionName(id),false,Vector(Identifier(n))),Parameter(  AUTOINT0))))), Match(true,Pattern(List(EveryPath(RelationshipChain(NodePattern(Some(Identifier(n)),List(),None,false),RelationshipPattern(Some(Identifier(r)),false,List(),None,None,BOTH),NodePattern(Some(Identifier(  UNNAMED48)),List(),None,false))))),List(),None), Return(false,ReturnItems(false,List(AliasedReturnItem(Identifier(n),Identifier(n)), AliasedReturnItem(Identifier(r),Identifier(r)))),None,None,None))))
2015-11-20 04:53:15.462+0000 INFO  [o.n.k.i.q.QueryExecutionEngine]: Discarded stale query from the query cache: CYPHER 2.2 MATCH n WHERE id(n) = 1 OPTIONAL MATCH (n)-[r]-() RETURN n, r
2015-11-20 05:28:54.444+0000 INFO  [o.n.k.i.q.QueryExecutionEngine]: Discarded stale query from the query cache: CYPHER 2.2 MATCH (n:grimoires) RETURN n
2015-11-20 05:28:54.448+0000 INFO  [o.n.k.i.q.QueryExecutionEngine]: Discarded stale query from the query cache: Query(None,SingleQuery(List(Match(false,Pattern(List(EveryPath(NodePattern(Some(Identifier(n)),List(),None,false)))),List(),Some(Where(HasLabels(Identifier(n),List(LabelName(grimoires)))))), Return(false,ReturnItems(false,List(AliasedReturnItem(Identifier(n),Identifier(n)))),None,None,None))))
2015-11-20 05:28:54.448+0000 INFO  [o.n.k.i.q.QueryExecutionEngine]: Discarded stale query from the query cache: Query(None,SingleQuery(List(Match(false,Pattern(List(EveryPath(NodePattern(Some(Identifier(n)),List(),None,false)))),List(),Some(Where(HasLabels(Identifier(n),List(LabelName(grimoires)))))), Return(false,ReturnItems(false,List(AliasedReturnItem(Identifier(n),Identifier(n)))),None,None,None))))
2015-11-20 05:28:54.448+0000 INFO  [o.n.k.i.q.QueryExecutionEngine]: Discarded stale query from the query cache: Query(None,SingleQuery(List(Match(false,Pattern(List(EveryPath(NodePattern(Some(Identifier(n)),List(),None,false)))),List(),Some(Where(HasLabels(Identifier(n),List(LabelName(grimoires)))))), Return(false,ReturnItems(false,List(AliasedReturnItem(Identifier(n),Identifier(n)))),None,None,None))))
2015-11-20 05:28:54.448+0000 INFO  [o.n.k.i.q.QueryExecutionEngine]: Discarded stale query from the query cache: Query(None,SingleQuery(List(Match(false,Pattern(List(EveryPath(NodePattern(Some(Identifier(n)),List(),None,false)))),List(),Some(Where(HasLabels(Identifier(n),List(LabelName(grimoires)))))), Return(false,ReturnItems(false,List(AliasedReturnItem(Identifier(n),Identifier(n)))),None,None,None))))
