2016-12-03 02:11:07.740+0000 INFO  [o.n.u.b.BatchInserterImpl] Thread[org.neo4j.tool.StoreCopy.main(),5,org.neo4j.tool.StoreCopy] Starting BatchInserter(EmbeddedBatchInserter[/Users/mouse/Personal/store-utils/../grimoire-site/copy])
2016-12-03 02:11:07.890+0000 INFO  [o.n.k.a.i.i.LuceneLabelScanStore] No lucene scan store index found, this might just be first use. Preparing to rebuild.
2016-12-03 02:11:07.954+0000 INFO  [o.n.k.a.i.i.LuceneLabelScanStore] Rebuilding lucene scan store, this may take a while
2016-12-03 02:11:07.958+0000 INFO  [o.n.k.a.i.i.LuceneLabelScanStore] Lucene scan store rebuilt (roughly -1 nodes)
2016-12-03 02:11:09.062+0000 WARN  [o.n.k.i.s.MetaDataStore] Missing counts store, rebuilding it.
2016-12-03 02:11:09.600+0000 INFO  [o.n.k.i.s.c.CountsTracker] About to rotate counts store at transaction 1 to [/Users/mouse/Personal/store-utils/../grimoire-site/copy/neostore.counts.db.b], from [/Users/mouse/Personal/store-utils/../grimoire-site/copy/neostore.counts.db.a].
2016-12-03 02:11:09.613+0000 INFO  [o.n.k.i.s.c.CountsTracker] Successfully rotated counts store at transaction 1 to [/Users/mouse/Personal/store-utils/../grimoire-site/copy/neostore.counts.db.b], from [/Users/mouse/Personal/store-utils/../grimoire-site/copy/neostore.counts.db.a].
2016-12-03 02:11:09.664+0000 INFO  [o.n.u.b.BatchInserterImpl] Thread[org.neo4j.tool.StoreCopy.main(),5,org.neo4j.tool.StoreCopy] Clean shutdown on BatchInserter(EmbeddedBatchInserter[/Users/mouse/Personal/store-utils/../grimoire-site/copy])
2016-12-03 02:12:17.503+0000 INFO  [o.n.k.i.f.CommunityFacadeFactory] No locking implementation specified, defaulting to 'community'
2016-12-03 02:12:17.971+0000 INFO  [o.n.k.AvailabilityGuard] Requirement makes database unavailable: Database available
2016-12-03 02:12:17.998+0000 INFO  [o.n.k.i.DiagnosticsManager] --- INITIALIZED diagnostics START ---
2016-12-03 02:12:18.001+0000 INFO  [o.n.k.i.DiagnosticsManager] Neo4j Kernel properties:
2016-12-03 02:12:18.001+0000 INFO  [o.n.k.i.DiagnosticsManager] org.neo4j.server.db.tuning.properties=/Users/mouse/Personal/grimoire-site/copy/neo4j.properties
2016-12-03 02:12:18.001+0000 INFO  [o.n.k.i.DiagnosticsManager] org.neo4j.server.database.location=/Users/mouse/Personal/grimoire-site/copy
2016-12-03 02:12:18.001+0000 INFO  [o.n.k.i.DiagnosticsManager] org.neo4j.server.webserver.port=7474
2016-12-03 02:12:18.002+0000 INFO  [o.n.k.i.DiagnosticsManager] dbms.querylog.filename=data/log/queries.log
2016-12-03 02:12:18.002+0000 INFO  [o.n.k.i.DiagnosticsManager] dbms.security.auth_store.location=/Users/mouse/Personal/grimoire-site/copy/./dbms/auth
2016-12-03 02:12:18.002+0000 INFO  [o.n.k.i.DiagnosticsManager] org.neo4j.server.http.log.enabled=false
2016-12-03 02:12:18.002+0000 INFO  [o.n.k.i.DiagnosticsManager] dbms.security.tls_certificate_file=/Users/mouse/Personal/grimoire-site/copy/./dbms/ssl/snakeoil.cert
2016-12-03 02:12:18.003+0000 INFO  [o.n.k.i.DiagnosticsManager] org.neo4j.server.webserver.https.port=7473
2016-12-03 02:12:18.003+0000 INFO  [o.n.k.i.DiagnosticsManager] remote_shell_enabled=true
2016-12-03 02:12:18.003+0000 INFO  [o.n.k.i.DiagnosticsManager] edition=Community
2016-12-03 02:12:18.003+0000 INFO  [o.n.k.i.DiagnosticsManager] dbms.security.tls_key_file=/Users/mouse/Personal/grimoire-site/copy/./dbms/ssl/snakeoil.key
2016-12-03 02:12:18.004+0000 INFO  [o.n.k.i.DiagnosticsManager] dbms.security.auth_enabled=true
2016-12-03 02:12:18.004+0000 INFO  [o.n.k.i.DiagnosticsManager] Diagnostics providers:
2016-12-03 02:12:18.004+0000 INFO  [o.n.k.i.DiagnosticsManager] org.neo4j.kernel.configuration.Config
2016-12-03 02:12:18.004+0000 INFO  [o.n.k.i.DiagnosticsManager] org.neo4j.kernel.info.DiagnosticsManager
2016-12-03 02:12:18.004+0000 INFO  [o.n.k.i.DiagnosticsManager] SYSTEM_MEMORY
2016-12-03 02:12:18.004+0000 INFO  [o.n.k.i.DiagnosticsManager] JAVA_MEMORY
2016-12-03 02:12:18.004+0000 INFO  [o.n.k.i.DiagnosticsManager] OPERATING_SYSTEM
2016-12-03 02:12:18.004+0000 INFO  [o.n.k.i.DiagnosticsManager] JAVA_VIRTUAL_MACHINE
2016-12-03 02:12:18.004+0000 INFO  [o.n.k.i.DiagnosticsManager] CLASSPATH
2016-12-03 02:12:18.005+0000 INFO  [o.n.k.i.DiagnosticsManager] LIBRARY_PATH
2016-12-03 02:12:18.005+0000 INFO  [o.n.k.i.DiagnosticsManager] SYSTEM_PROPERTIES
2016-12-03 02:12:18.005+0000 INFO  [o.n.k.i.DiagnosticsManager] NETWORK
2016-12-03 02:12:18.005+0000 INFO  [o.n.k.i.DiagnosticsManager] System memory information:
2016-12-03 02:12:18.014+0000 INFO  [o.n.k.i.DiagnosticsManager] Total Physical memory: 8.00 GB
2016-12-03 02:12:18.017+0000 INFO  [o.n.k.i.DiagnosticsManager] Free Physical memory: 209.57 MB
2016-12-03 02:12:18.020+0000 INFO  [o.n.k.i.DiagnosticsManager] Committed virtual memory: 4.84 GB
2016-12-03 02:12:18.022+0000 INFO  [o.n.k.i.DiagnosticsManager] Total swap space: 3.00 GB
2016-12-03 02:12:18.023+0000 INFO  [o.n.k.i.DiagnosticsManager] Free swap space: 857.25 MB
2016-12-03 02:12:18.023+0000 INFO  [o.n.k.i.DiagnosticsManager] JVM memory information:
2016-12-03 02:12:18.023+0000 INFO  [o.n.k.i.DiagnosticsManager] Free  memory: 74.25 MB
2016-12-03 02:12:18.023+0000 INFO  [o.n.k.i.DiagnosticsManager] Total memory: 123.00 MB
2016-12-03 02:12:18.024+0000 INFO  [o.n.k.i.DiagnosticsManager] Max   memory: 1.78 GB
2016-12-03 02:12:18.046+0000 INFO  [o.n.k.i.DiagnosticsManager] Garbage Collector: PS Scavenge: [PS Eden Space, PS Survivor Space]
2016-12-03 02:12:18.046+0000 INFO  [o.n.k.i.DiagnosticsManager] Garbage Collector: PS MarkSweep: [PS Eden Space, PS Survivor Space, PS Old Gen, PS Perm Gen]
2016-12-03 02:12:18.053+0000 INFO  [o.n.k.i.DiagnosticsManager] Memory Pool: Code Cache (Non-heap memory): committed=2.44 MB, used=989.75 kB, max=48.00 MB, threshold=0.00 B
2016-12-03 02:12:18.054+0000 INFO  [o.n.k.i.DiagnosticsManager] Memory Pool: PS Eden Space (Heap memory): committed=33.00 MB, used=10.94 MB, max=673.00 MB, threshold=?
2016-12-03 02:12:18.054+0000 INFO  [o.n.k.i.DiagnosticsManager] Memory Pool: PS Survivor Space (Heap memory): committed=5.00 MB, used=4.97 MB, max=5.00 MB, threshold=?
2016-12-03 02:12:18.055+0000 INFO  [o.n.k.i.DiagnosticsManager] Memory Pool: PS Old Gen (Heap memory): committed=85.00 MB, used=32.84 MB, max=1.33 GB, threshold=0.00 B
2016-12-03 02:12:18.056+0000 INFO  [o.n.k.i.DiagnosticsManager] Memory Pool: PS Perm Gen (Non-heap memory): committed=21.00 MB, used=19.25 MB, max=82.00 MB, threshold=0.00 B
2016-12-03 02:12:18.056+0000 INFO  [o.n.k.i.DiagnosticsManager] Operating system information:
2016-12-03 02:12:18.060+0000 INFO  [o.n.k.i.DiagnosticsManager] Operating System: Mac OS X; version: 10.11.6; arch: x86_64; cpus: 4
2016-12-03 02:12:18.061+0000 INFO  [o.n.k.i.DiagnosticsManager] Max number of file descriptors: 10.00 kB
2016-12-03 02:12:18.062+0000 INFO  [o.n.k.i.DiagnosticsManager] Number of open file descriptors: 41.00 B
2016-12-03 02:12:18.101+0000 INFO  [o.n.k.i.DiagnosticsManager] Process id: 18896@Mouses-MacBook-Air.local
2016-12-03 02:12:18.102+0000 INFO  [o.n.k.i.DiagnosticsManager] Byte order: LITTLE_ENDIAN
2016-12-03 02:12:18.102+0000 INFO  [o.n.k.i.DiagnosticsManager] Local timezone: America/Los_Angeles
2016-12-03 02:12:18.102+0000 INFO  [o.n.k.i.DiagnosticsManager] JVM information:
2016-12-03 02:12:18.102+0000 INFO  [o.n.k.i.DiagnosticsManager] VM Name: Java HotSpot(TM) 64-Bit Server VM
2016-12-03 02:12:18.102+0000 INFO  [o.n.k.i.DiagnosticsManager] VM Vendor: Oracle Corporation
2016-12-03 02:12:18.102+0000 INFO  [o.n.k.i.DiagnosticsManager] VM Version: 24.80-b11
2016-12-03 02:12:18.105+0000 INFO  [o.n.k.i.DiagnosticsManager] JIT compiler: HotSpot 64-Bit Tiered Compilers
2016-12-03 02:12:18.111+0000 INFO  [o.n.k.i.DiagnosticsManager] VM Arguments: [-Dfile.encoding=UTF-8, -Dinstall4j.launcherId=24, -Dinstall4j.swt=false, -Dexe4j.moduleName=/Applications/Neo4j Community Edition.app, -Di4j.ownBundlePath=/Applications/Neo4j Community Edition.app, -Di4j.jreBundle=/Applications/Neo4j Community Edition.app/Contents/Resources/jre.bundle]
2016-12-03 02:12:18.111+0000 INFO  [o.n.k.i.DiagnosticsManager] Java classpath:
2016-12-03 02:12:18.113+0000 INFO  [o.n.k.i.DiagnosticsManager]  [loader.1] file:/Applications/Neo4j%20Community%20Edition.app/Contents/Resources/jre.bundle/Contents/Home/jre/lib/ext/localedata.jar
2016-12-03 02:12:18.113+0000 INFO  [o.n.k.i.DiagnosticsManager]  [bootstrap] /Applications/Neo4j Community Edition.app/Contents/Resources/jre.bundle/Contents/Home/jre/lib/sunrsasign.jar
2016-12-03 02:12:18.113+0000 INFO  [o.n.k.i.DiagnosticsManager]  [bootstrap] /Applications/Neo4j Community Edition.app/Contents/Resources/jre.bundle/Contents/Home/jre/lib/jce.jar
2016-12-03 02:12:18.113+0000 INFO  [o.n.k.i.DiagnosticsManager]  [loader.0] file:/Applications/Neo4j%20Community%20Edition.app/Contents/Resources/app/.install4j/i4jruntime.jar
2016-12-03 02:12:18.113+0000 INFO  [o.n.k.i.DiagnosticsManager]  [bootstrap] /Applications/Neo4j Community Edition.app/Contents/Resources/jre.bundle/Contents/Home/jre/lib/rt.jar
2016-12-03 02:12:18.114+0000 INFO  [o.n.k.i.DiagnosticsManager]  [loader.1] file:/System/Library/Java/Extensions/MRJToolkit.jar
2016-12-03 02:12:18.114+0000 INFO  [o.n.k.i.DiagnosticsManager]  [loader.1] file:/Applications/Neo4j%20Community%20Edition.app/Contents/Resources/jre.bundle/Contents/Home/jre/lib/ext/sunjce_provider.jar
2016-12-03 02:12:18.114+0000 INFO  [o.n.k.i.DiagnosticsManager]  [loader.1] file:/Applications/Neo4j%20Community%20Edition.app/Contents/Resources/jre.bundle/Contents/Home/jre/lib/ext/dnsns.jar
2016-12-03 02:12:18.114+0000 INFO  [o.n.k.i.DiagnosticsManager]  [classpath] /Applications/Neo4j Community Edition.app/Contents/Resources/app/bin/neo4j-desktop-2.3.8.jar
2016-12-03 02:12:18.114+0000 INFO  [o.n.k.i.DiagnosticsManager]  [loader.1] file:/Applications/Neo4j%20Community%20Edition.app/Contents/Resources/jre.bundle/Contents/Home/jre/lib/ext/sunec.jar
2016-12-03 02:12:18.114+0000 INFO  [o.n.k.i.DiagnosticsManager]  [loader.1] file:/Applications/Neo4j%20Community%20Edition.app/Contents/Resources/jre.bundle/Contents/Home/jre/lib/ext/zipfs.jar
2016-12-03 02:12:18.114+0000 INFO  [o.n.k.i.DiagnosticsManager]  [loader.1] file:/Applications/Neo4j%20Community%20Edition.app/Contents/Resources/jre.bundle/Contents/Home/jre/lib/ext/sunpkcs11.jar
2016-12-03 02:12:18.114+0000 INFO  [o.n.k.i.DiagnosticsManager]  [classpath] /Applications/Neo4j Community Edition.app/Contents/Resources/app/.install4j/i4jruntime.jar
2016-12-03 02:12:18.114+0000 INFO  [o.n.k.i.DiagnosticsManager]  [bootstrap] /Applications/Neo4j Community Edition.app/Contents/Resources/jre.bundle/Contents/Home/jre/classes
2016-12-03 02:12:18.114+0000 INFO  [o.n.k.i.DiagnosticsManager]  [loader.0] file:/Applications/Neo4j%20Community%20Edition.app/Contents/Resources/app/bin/neo4j-desktop-2.3.8.jar
2016-12-03 02:12:18.114+0000 INFO  [o.n.k.i.DiagnosticsManager]  [bootstrap] /Applications/Neo4j Community Edition.app/Contents/Resources/jre.bundle/Contents/Home/jre/lib/jsse.jar
2016-12-03 02:12:18.115+0000 INFO  [o.n.k.i.DiagnosticsManager]  [bootstrap] /Applications/Neo4j Community Edition.app/Contents/Resources/jre.bundle/Contents/Home/jre/lib/charsets.jar
2016-12-03 02:12:18.115+0000 INFO  [o.n.k.i.DiagnosticsManager]  [bootstrap] /Applications/Neo4j Community Edition.app/Contents/Resources/jre.bundle/Contents/Home/jre/lib/resources.jar
2016-12-03 02:12:18.115+0000 INFO  [o.n.k.i.DiagnosticsManager]  [bootstrap] /Applications/Neo4j Community Edition.app/Contents/Resources/jre.bundle/Contents/Home/jre/lib/jfr.jar
2016-12-03 02:12:18.115+0000 INFO  [o.n.k.i.DiagnosticsManager] Library path:
2016-12-03 02:12:18.115+0000 INFO  [o.n.k.i.DiagnosticsManager] /Users/mouse/Library/Java/Extensions
2016-12-03 02:12:18.115+0000 INFO  [o.n.k.i.DiagnosticsManager] /Library/Java/Extensions
2016-12-03 02:12:18.115+0000 INFO  [o.n.k.i.DiagnosticsManager] /Network/Library/Java/Extensions
2016-12-03 02:12:18.116+0000 INFO  [o.n.k.i.DiagnosticsManager] /System/Library/Java/Extensions
2016-12-03 02:12:18.116+0000 INFO  [o.n.k.i.DiagnosticsManager] /usr/lib/java
2016-12-03 02:12:18.116+0000 INFO  [o.n.k.i.DiagnosticsManager] /Applications/Neo4j Community Edition.app/Contents/Resources/app/bin
2016-12-03 02:12:18.116+0000 INFO  [o.n.k.i.DiagnosticsManager] System.properties:
2016-12-03 02:12:18.116+0000 INFO  [o.n.k.i.DiagnosticsManager] exe4j.moduleName = /Applications/Neo4j Community Edition.app
2016-12-03 02:12:18.116+0000 INFO  [o.n.k.i.DiagnosticsManager] sun.boot.library.path = /Applications/Neo4j Community Edition.app/Contents/Resources/jre.bundle/Contents/Home/jre/lib
2016-12-03 02:12:18.116+0000 INFO  [o.n.k.i.DiagnosticsManager] i4j.jreBundle = /Applications/Neo4j Community Edition.app/Contents/Resources/jre.bundle
2016-12-03 02:12:18.116+0000 INFO  [o.n.k.i.DiagnosticsManager] gopherProxySet = false
2016-12-03 02:12:18.116+0000 INFO  [o.n.k.i.DiagnosticsManager] path.separator = :
2016-12-03 02:12:18.117+0000 INFO  [o.n.k.i.DiagnosticsManager] file.encoding.pkg = sun.io
2016-12-03 02:12:18.117+0000 INFO  [o.n.k.i.DiagnosticsManager] user.country = US
2016-12-03 02:12:18.117+0000 INFO  [o.n.k.i.DiagnosticsManager] sun.java.launcher = SUN_STANDARD
2016-12-03 02:12:18.117+0000 INFO  [o.n.k.i.DiagnosticsManager] sun.os.patch.level = unknown
2016-12-03 02:12:18.117+0000 INFO  [o.n.k.i.DiagnosticsManager] install4j.exeDir = /Applications/
2016-12-03 02:12:18.117+0000 INFO  [o.n.k.i.DiagnosticsManager] user.dir = /Applications/Neo4j Community Edition.app/Contents/Resources/app/bin
2016-12-03 02:12:18.117+0000 INFO  [o.n.k.i.DiagnosticsManager] neo4j.ext.udc.source = desktop
2016-12-03 02:12:18.117+0000 INFO  [o.n.k.i.DiagnosticsManager] i4j.ownBundlePath = /Applications/Neo4j Community Edition.app
2016-12-03 02:12:18.117+0000 INFO  [o.n.k.i.DiagnosticsManager] sun.jnu.encoding = UTF-8
2016-12-03 02:12:18.117+0000 INFO  [o.n.k.i.DiagnosticsManager] sun.awt.enableExtraMouseButtons = true
2016-12-03 02:12:18.117+0000 INFO  [o.n.k.i.DiagnosticsManager] install4j.launcherId = 24
2016-12-03 02:12:18.118+0000 INFO  [o.n.k.i.DiagnosticsManager] sun.management.compiler = HotSpot 64-Bit Tiered Compilers
2016-12-03 02:12:18.118+0000 INFO  [o.n.k.i.DiagnosticsManager] install4j.swt = false
2016-12-03 02:12:18.118+0000 INFO  [o.n.k.i.DiagnosticsManager] apple.awt.fileDialogForDirectories = false
2016-12-03 02:12:18.118+0000 INFO  [o.n.k.i.DiagnosticsManager] http.nonProxyHosts = local|*.local|169.254/16|*.169.254/16
2016-12-03 02:12:18.118+0000 INFO  [o.n.k.i.DiagnosticsManager] user.home = /Users/mouse
2016-12-03 02:12:18.118+0000 INFO  [o.n.k.i.DiagnosticsManager] user.timezone = America/Los_Angeles
2016-12-03 02:12:18.118+0000 INFO  [o.n.k.i.DiagnosticsManager] file.encoding = UTF-8
2016-12-03 02:12:18.118+0000 INFO  [o.n.k.i.DiagnosticsManager] user.name = mouse
2016-12-03 02:12:18.118+0000 INFO  [o.n.k.i.DiagnosticsManager] sun.java.command = com.install4j.runtime.launcher.MacLauncher
2016-12-03 02:12:18.118+0000 INFO  [o.n.k.i.DiagnosticsManager] sun.arch.data.model = 64
2016-12-03 02:12:18.119+0000 INFO  [o.n.k.i.DiagnosticsManager] user.language = en
2016-12-03 02:12:18.119+0000 INFO  [o.n.k.i.DiagnosticsManager] awt.toolkit = sun.lwawt.macosx.LWCToolkit
2016-12-03 02:12:18.119+0000 INFO  [o.n.k.i.DiagnosticsManager] install4j.appDir = /Applications/Neo4j Community Edition.app/Contents/Resources/app/
2016-12-03 02:12:18.119+0000 INFO  [o.n.k.i.DiagnosticsManager] file.separator = /
2016-12-03 02:12:18.119+0000 INFO  [o.n.k.i.DiagnosticsManager] sun.font.fontmanager = sun.font.CFontManager
2016-12-03 02:12:18.119+0000 INFO  [o.n.k.i.DiagnosticsManager] sun.io.unicode.encoding = UnicodeBig
2016-12-03 02:12:18.119+0000 INFO  [o.n.k.i.DiagnosticsManager] sun.cpu.endian = little
2016-12-03 02:12:18.119+0000 INFO  [o.n.k.i.DiagnosticsManager] socksNonProxyHosts = local|*.local|169.254/16|*.169.254/16
2016-12-03 02:12:18.119+0000 INFO  [o.n.k.i.DiagnosticsManager] ftp.nonProxyHosts = local|*.local|169.254/16|*.169.254/16
2016-12-03 02:12:18.119+0000 INFO  [o.n.k.i.DiagnosticsManager] sun.cpu.isalist = 
2016-12-03 02:12:18.119+0000 INFO  [o.n.k.i.DiagnosticsManager] Network information:
2016-12-03 02:12:18.134+0000 INFO  [o.n.k.i.DiagnosticsManager] Interface awdl0:
2016-12-03 02:12:18.137+0000 INFO  [o.n.k.i.DiagnosticsManager]     address: fe80:0:0:0:c0bd:58ff:fe8b:e0dd%7
2016-12-03 02:12:18.137+0000 INFO  [o.n.k.i.DiagnosticsManager] Interface en0:
2016-12-03 02:12:18.137+0000 INFO  [o.n.k.i.DiagnosticsManager]     address: fe80:0:0:0:9ae0:d9ff:fe88:d65%4
2016-12-03 02:12:18.138+0000 INFO  [o.n.k.i.DiagnosticsManager]     address: 10.30.65.89
2016-12-03 02:12:18.138+0000 INFO  [o.n.k.i.DiagnosticsManager] Interface lo0:
2016-12-03 02:12:18.138+0000 INFO  [o.n.k.i.DiagnosticsManager]     address: fe80:0:0:0:0:0:0:1%1
2016-12-03 02:12:18.138+0000 INFO  [o.n.k.i.DiagnosticsManager]     address: 0:0:0:0:0:0:0:1
2016-12-03 02:12:18.138+0000 INFO  [o.n.k.i.DiagnosticsManager]     address: 127.0.0.1
2016-12-03 02:12:18.138+0000 INFO  [o.n.k.i.DiagnosticsManager] --- INITIALIZED diagnostics END ---
2016-12-03 02:12:20.094+0000 INFO  [o.n.k.NeoStoreDataSource] Opened logical log [/Users/mouse/Personal/grimoire-site/copy/neostore.transaction.db.0] version=0, lastTxId=1 (clean)
2016-12-03 02:12:20.161+0000 INFO  [o.n.k.KernelHealth] Kernel health set to OK
2016-12-03 02:12:22.207+0000 INFO  [o.n.k.AvailabilityGuard] Fulfilling of requirement makes database available: Database available
2016-12-03 02:12:22.208+0000 INFO  [o.n.k.i.f.CommunityFacadeFactory] Database is now ready
2016-12-03 02:12:22.213+0000 INFO  [o.n.k.i.DiagnosticsManager] --- STARTED diagnostics for KernelDiagnostics:Versions START ---
2016-12-03 02:12:22.214+0000 INFO  [o.n.k.i.DiagnosticsManager] Graph Database: Community StoreId{creationTime=1480731067875, randomId=-5125356383854694223, storeVersion=15250506225055238, upgradeTime=1480731067875, upgradeId=1}
2016-12-03 02:12:22.214+0000 INFO  [o.n.k.i.DiagnosticsManager] Kernel version: 2.3.8
2016-12-03 02:12:22.214+0000 INFO  [o.n.k.i.DiagnosticsManager] --- STARTED diagnostics for KernelDiagnostics:Versions END ---
2016-12-03 02:12:22.217+0000 INFO  [o.n.k.i.DiagnosticsManager] --- STARTED diagnostics for NEO_STORE_VERSIONS START ---
2016-12-03 02:12:22.217+0000 INFO  [o.n.k.i.DiagnosticsManager] Store versions:
2016-12-03 02:12:22.217+0000 INFO  [o.n.k.i.DiagnosticsManager] Store versions:
2016-12-03 02:12:22.217+0000 INFO  [o.n.k.i.DiagnosticsManager] ArrayPropertyStore v0.A.6
2016-12-03 02:12:22.217+0000 INFO  [o.n.k.i.DiagnosticsManager] NodeStore v0.A.6
2016-12-03 02:12:22.218+0000 INFO  [o.n.k.i.DiagnosticsManager] StringPropertyStore v0.A.6
2016-12-03 02:12:22.218+0000 INFO  [o.n.k.i.DiagnosticsManager] PropertyIndexStore v0.A.6
2016-12-03 02:12:22.218+0000 INFO  [o.n.k.i.DiagnosticsManager] StringPropertyStore v0.A.6
2016-12-03 02:12:22.218+0000 INFO  [o.n.k.i.DiagnosticsManager] ArrayPropertyStore v0.A.6
2016-12-03 02:12:22.218+0000 INFO  [o.n.k.i.DiagnosticsManager] PropertyStore v0.A.6
2016-12-03 02:12:22.218+0000 INFO  [o.n.k.i.DiagnosticsManager] RelationshipStore v0.A.6
2016-12-03 02:12:22.218+0000 INFO  [o.n.k.i.DiagnosticsManager] StringPropertyStore v0.A.6
2016-12-03 02:12:22.218+0000 INFO  [o.n.k.i.DiagnosticsManager] RelationshipTypeStore v0.A.6
2016-12-03 02:12:22.218+0000 INFO  [o.n.k.i.DiagnosticsManager] StringPropertyStore v0.A.6
2016-12-03 02:12:22.218+0000 INFO  [o.n.k.i.DiagnosticsManager] LabelTokenStore v0.A.6
2016-12-03 02:12:22.218+0000 INFO  [o.n.k.i.DiagnosticsManager] SchemaStore v0.A.6
2016-12-03 02:12:22.218+0000 INFO  [o.n.k.i.DiagnosticsManager] RelationshipGroupStore v0.A.6
2016-12-03 02:12:22.219+0000 INFO  [o.n.k.i.DiagnosticsManager] NeoStore v0.A.6
2016-12-03 02:12:22.219+0000 INFO  [o.n.k.i.DiagnosticsManager] --- STARTED diagnostics for NEO_STORE_VERSIONS END ---
2016-12-03 02:12:22.219+0000 INFO  [o.n.k.i.DiagnosticsManager] --- STARTED diagnostics for NEO_STORE_ID_USAGE START ---
2016-12-03 02:12:22.219+0000 INFO  [o.n.k.i.DiagnosticsManager] Id usage:
2016-12-03 02:12:22.219+0000 INFO  [o.n.k.i.DiagnosticsManager] Id usage:
2016-12-03 02:12:22.219+0000 INFO  [o.n.k.i.DiagnosticsManager]   ArrayPropertyStore v0.A.6: used=1 high=0
2016-12-03 02:12:22.220+0000 INFO  [o.n.k.i.DiagnosticsManager]   NodeStore v0.A.6: used=4240 high=4239
2016-12-03 02:12:22.220+0000 INFO  [o.n.k.i.DiagnosticsManager]   StringPropertyStore v0.A.6: used=46 high=45
2016-12-03 02:12:22.220+0000 INFO  [o.n.k.i.DiagnosticsManager]   PropertyIndexStore v0.A.6: used=45 high=44
2016-12-03 02:12:22.221+0000 INFO  [o.n.k.i.DiagnosticsManager]   StringPropertyStore v0.A.6: used=8830 high=8829
2016-12-03 02:12:22.222+0000 INFO  [o.n.k.i.DiagnosticsManager]   ArrayPropertyStore v0.A.6: used=1285 high=1284
2016-12-03 02:12:22.222+0000 INFO  [o.n.k.i.DiagnosticsManager]   PropertyStore v0.A.6: used=12040 high=12039
2016-12-03 02:12:22.222+0000 INFO  [o.n.k.i.DiagnosticsManager]   RelationshipStore v0.A.6: used=10811 high=10810
2016-12-03 02:12:22.222+0000 INFO  [o.n.k.i.DiagnosticsManager]   StringPropertyStore v0.A.6: used=116 high=115
2016-12-03 02:12:22.222+0000 INFO  [o.n.k.i.DiagnosticsManager]   RelationshipTypeStore v0.A.6: used=115 high=114
2016-12-03 02:12:22.222+0000 INFO  [o.n.k.i.DiagnosticsManager]   StringPropertyStore v0.A.6: used=45 high=44
2016-12-03 02:12:22.223+0000 INFO  [o.n.k.i.DiagnosticsManager]   LabelTokenStore v0.A.6: used=44 high=43
2016-12-03 02:12:22.223+0000 INFO  [o.n.k.i.DiagnosticsManager]   SchemaStore v0.A.6: used=1 high=0
2016-12-03 02:12:22.223+0000 INFO  [o.n.k.i.DiagnosticsManager]   RelationshipGroupStore v0.A.6: used=137 high=136
2016-12-03 02:12:22.223+0000 INFO  [o.n.k.i.DiagnosticsManager]   NeoStore v0.A.6: used=13 high=12
2016-12-03 02:12:22.223+0000 INFO  [o.n.k.i.DiagnosticsManager] --- STARTED diagnostics for NEO_STORE_ID_USAGE END ---
2016-12-03 02:12:22.223+0000 INFO  [o.n.k.i.DiagnosticsManager] --- STARTED diagnostics for NEO_STORE_RECORDS START ---
2016-12-03 02:12:22.223+0000 INFO  [o.n.k.i.DiagnosticsManager] Neostore records:
2016-12-03 02:12:22.224+0000 INFO  [o.n.k.i.DiagnosticsManager] TIME (Creation time): 1480731067875
2016-12-03 02:12:22.224+0000 INFO  [o.n.k.i.DiagnosticsManager] RANDOM_NUMBER (Random number for store id): -5125356383854694223
2016-12-03 02:12:22.224+0000 INFO  [o.n.k.i.DiagnosticsManager] LOG_VERSION (Current log version): 0
2016-12-03 02:12:22.224+0000 INFO  [o.n.k.i.DiagnosticsManager] LAST_TRANSACTION_ID (Last committed transaction): 1
2016-12-03 02:12:22.224+0000 INFO  [o.n.k.i.DiagnosticsManager] STORE_VERSION (Store format version): 15250506225055238
2016-12-03 02:12:22.224+0000 INFO  [o.n.k.i.DiagnosticsManager] FIRST_GRAPH_PROPERTY (First property record containing graph properties): -1
2016-12-03 02:12:22.225+0000 INFO  [o.n.k.i.DiagnosticsManager] LAST_CONSTRAINT_TRANSACTION (Last committed transaction containing constraint changes): 0
2016-12-03 02:12:22.225+0000 INFO  [o.n.k.i.DiagnosticsManager] UPGRADE_TRANSACTION_ID (Transaction id most recent upgrade was performed at): 1
2016-12-03 02:12:22.225+0000 INFO  [o.n.k.i.DiagnosticsManager] UPGRADE_TIME (Time of last upgrade): 1480731067875
2016-12-03 02:12:22.225+0000 INFO  [o.n.k.i.DiagnosticsManager] LAST_TRANSACTION_CHECKSUM (Checksum of last committed transaction): 0
2016-12-03 02:12:22.225+0000 INFO  [o.n.k.i.DiagnosticsManager] UPGRADE_TRANSACTION_CHECKSUM (Checksum of transaction id the most recent upgrade was performed at): 0
2016-12-03 02:12:22.225+0000 INFO  [o.n.k.i.DiagnosticsManager] LAST_CLOSED_TRANSACTION_LOG_VERSION (Log version where the last transaction commit entry has been written into): 0
2016-12-03 02:12:22.225+0000 INFO  [o.n.k.i.DiagnosticsManager] LAST_CLOSED_TRANSACTION_LOG_BYTE_OFFSET (Byte offset in the log file where the last transaction commit entry has been written into): 16
2016-12-03 02:12:22.225+0000 INFO  [o.n.k.i.DiagnosticsManager] LAST_TRANSACTION_COMMIT_TIMESTAMP (Commit time timestamp for last committed transaction): -1
2016-12-03 02:12:22.225+0000 INFO  [o.n.k.i.DiagnosticsManager] UPGRADE_TRANSACTION_COMMIT_TIMESTAMP (Commit timestamp of transaction the most recent upgrade was performed at): -1
2016-12-03 02:12:22.225+0000 INFO  [o.n.k.i.DiagnosticsManager] --- STARTED diagnostics for NEO_STORE_RECORDS END ---
2016-12-03 02:12:22.225+0000 INFO  [o.n.k.i.DiagnosticsManager] --- STARTED diagnostics for TRANSACTION_RANGE START ---
2016-12-03 02:12:22.225+0000 INFO  [o.n.k.i.DiagnosticsManager] Transaction log:
2016-12-03 02:12:22.226+0000 INFO  [o.n.k.i.DiagnosticsManager] No transactions found in any log
2016-12-03 02:12:22.227+0000 INFO  [o.n.k.i.DiagnosticsManager] --- STARTED diagnostics for TRANSACTION_RANGE END ---
2016-12-03 02:12:22.227+0000 INFO  [o.n.k.i.DiagnosticsManager] --- STARTED diagnostics for KernelDiagnostics:StoreFiles START ---
2016-12-03 02:12:22.227+0000 INFO  [o.n.k.i.DiagnosticsManager] Disk space on partition (Total / Free / Free %): 249795969024 / 173309763584 / 69
Storage files: (filename : modification date - size)
2016-12-03 02:12:22.228+0000 INFO  [o.n.k.i.DiagnosticsManager]   dbms:
2016-12-03 02:12:22.229+0000 INFO  [o.n.k.i.DiagnosticsManager]     ssl:
2016-12-03 02:12:22.229+0000 INFO  [o.n.k.i.DiagnosticsManager]       snakeoil.cert: 2016-12-02T18:12:16-0800 - 631.00 B
2016-12-03 02:12:22.230+0000 INFO  [o.n.k.i.DiagnosticsManager]       snakeoil.key: 2016-12-02T18:12:16-0800 - 916.00 B
2016-12-03 02:12:22.230+0000 INFO  [o.n.k.i.DiagnosticsManager]     - Total: 2016-12-02T18:12:16-0800 - 1.51 kB
2016-12-03 02:12:22.231+0000 INFO  [o.n.k.i.DiagnosticsManager]   - Total: 2016-12-02T18:12:16-0800 - 1.51 kB
2016-12-03 02:12:22.231+0000 INFO  [o.n.k.i.DiagnosticsManager]   index:
2016-12-03 02:12:22.231+0000 INFO  [o.n.k.i.DiagnosticsManager]   - Total: 2016-12-02T18:12:19-0800 - 0.00 B
2016-12-03 02:12:22.232+0000 INFO  [o.n.k.i.DiagnosticsManager]   messages.log: 2016-12-02T18:12:22-0800 - 25.25 kB
2016-12-03 02:12:22.232+0000 INFO  [o.n.k.i.DiagnosticsManager]   neo4j.properties: 2016-12-02T18:12:15-0800 - 1.27 kB
2016-12-03 02:12:22.233+0000 INFO  [o.n.k.i.DiagnosticsManager]   neostore: 2016-12-02T18:11:07-0800 - 8.00 kB
2016-12-03 02:12:22.233+0000 INFO  [o.n.k.i.DiagnosticsManager]   neostore.counts.db.a: 2016-12-02T18:11:09-0800 - 22.69 kB
2016-12-03 02:12:22.234+0000 INFO  [o.n.k.i.DiagnosticsManager]   neostore.counts.db.b: 2016-12-02T18:11:09-0800 - 22.69 kB
2016-12-03 02:12:22.234+0000 INFO  [o.n.k.i.DiagnosticsManager]   neostore.id: 2016-12-02T18:12:19-0800 - 9.00 B
2016-12-03 02:12:22.235+0000 INFO  [o.n.k.i.DiagnosticsManager]   neostore.labeltokenstore.db: 2016-12-02T18:11:09-0800 - 8.00 kB
2016-12-03 02:12:22.235+0000 INFO  [o.n.k.i.DiagnosticsManager]   neostore.labeltokenstore.db.id: 2016-12-02T18:12:19-0800 - 9.00 B
2016-12-03 02:12:22.235+0000 INFO  [o.n.k.i.DiagnosticsManager]   neostore.labeltokenstore.db.names: 2016-12-02T18:11:09-0800 - 8.00 kB
2016-12-03 02:12:22.236+0000 INFO  [o.n.k.i.DiagnosticsManager]   neostore.labeltokenstore.db.names.id: 2016-12-02T18:12:18-0800 - 9.00 B
2016-12-03 02:12:22.236+0000 INFO  [o.n.k.i.DiagnosticsManager]   neostore.nodestore.db: 2016-12-02T18:11:09-0800 - 63.98 kB
2016-12-03 02:12:22.236+0000 INFO  [o.n.k.i.DiagnosticsManager]   neostore.nodestore.db.id: 2016-12-02T18:12:18-0800 - 9.00 B
2016-12-03 02:12:22.237+0000 INFO  [o.n.k.i.DiagnosticsManager]   neostore.nodestore.db.labels: 2016-12-02T18:11:07-0800 - 8.00 kB
2016-12-03 02:12:22.237+0000 INFO  [o.n.k.i.DiagnosticsManager]   neostore.nodestore.db.labels.id: 2016-12-02T18:12:18-0800 - 9.00 B
2016-12-03 02:12:22.237+0000 INFO  [o.n.k.i.DiagnosticsManager]   neostore.propertystore.db: 2016-12-02T18:11:09-0800 - 486.03 kB
2016-12-03 02:12:22.238+0000 INFO  [o.n.k.i.DiagnosticsManager]   neostore.propertystore.db.arrays: 2016-12-02T18:11:09-0800 - 168.00 kB
2016-12-03 02:12:22.238+0000 INFO  [o.n.k.i.DiagnosticsManager]   neostore.propertystore.db.arrays.id: 2016-12-02T18:12:18-0800 - 9.00 B
2016-12-03 02:12:22.238+0000 INFO  [o.n.k.i.DiagnosticsManager]   neostore.propertystore.db.id: 2016-12-02T18:12:18-0800 - 9.00 B
2016-12-03 02:12:22.238+0000 INFO  [o.n.k.i.DiagnosticsManager]   neostore.propertystore.db.index: 2016-12-02T18:11:09-0800 - 8.00 kB
2016-12-03 02:12:22.239+0000 INFO  [o.n.k.i.DiagnosticsManager]   neostore.propertystore.db.index.id: 2016-12-02T18:12:18-0800 - 9.00 B
2016-12-03 02:12:22.239+0000 INFO  [o.n.k.i.DiagnosticsManager]   neostore.propertystore.db.index.keys: 2016-12-02T18:11:09-0800 - 8.00 kB
2016-12-03 02:12:22.239+0000 INFO  [o.n.k.i.DiagnosticsManager]   neostore.propertystore.db.index.keys.id: 2016-12-02T18:12:18-0800 - 9.00 B
2016-12-03 02:12:22.239+0000 INFO  [o.n.k.i.DiagnosticsManager]   neostore.propertystore.db.strings: 2016-12-02T18:11:09-0800 - 1.08 MB
2016-12-03 02:12:22.240+0000 INFO  [o.n.k.i.DiagnosticsManager]   neostore.propertystore.db.strings.id: 2016-12-02T18:12:18-0800 - 9.00 B
2016-12-03 02:12:22.240+0000 INFO  [o.n.k.i.DiagnosticsManager]   neostore.relationshipgroupstore.db: 2016-12-02T18:11:09-0800 - 8.00 kB
2016-12-03 02:12:22.240+0000 INFO  [o.n.k.i.DiagnosticsManager]   neostore.relationshipgroupstore.db.id: 2016-12-02T18:12:19-0800 - 9.00 B
2016-12-03 02:12:22.240+0000 INFO  [o.n.k.i.DiagnosticsManager]   neostore.relationshipstore.db: 2016-12-02T18:11:09-0800 - 366.56 kB
2016-12-03 02:12:22.241+0000 INFO  [o.n.k.i.DiagnosticsManager]   neostore.relationshipstore.db.id: 2016-12-02T18:12:18-0800 - 9.00 B
2016-12-03 02:12:22.241+0000 INFO  [o.n.k.i.DiagnosticsManager]   neostore.relationshiptypestore.db: 2016-12-02T18:11:09-0800 - 8.00 kB
2016-12-03 02:12:22.242+0000 INFO  [o.n.k.i.DiagnosticsManager]   neostore.relationshiptypestore.db.id: 2016-12-02T18:12:18-0800 - 9.00 B
2016-12-03 02:12:22.242+0000 INFO  [o.n.k.i.DiagnosticsManager]   neostore.relationshiptypestore.db.names: 2016-12-02T18:11:09-0800 - 8.00 kB
2016-12-03 02:12:22.243+0000 INFO  [o.n.k.i.DiagnosticsManager]   neostore.relationshiptypestore.db.names.id: 2016-12-02T18:12:18-0800 - 9.00 B
2016-12-03 02:12:22.243+0000 INFO  [o.n.k.i.DiagnosticsManager]   neostore.schemastore.db: 2016-12-02T18:11:07-0800 - 8.00 kB
2016-12-03 02:12:22.243+0000 INFO  [o.n.k.i.DiagnosticsManager]   neostore.schemastore.db.id: 2016-12-02T18:12:19-0800 - 9.00 B
2016-12-03 02:12:22.244+0000 INFO  [o.n.k.i.DiagnosticsManager]   neostore.transaction.db.0: 2016-12-02T18:12:20-0800 - 16.00 B
2016-12-03 02:12:22.244+0000 INFO  [o.n.k.i.DiagnosticsManager]   schema:
2016-12-03 02:12:22.244+0000 INFO  [o.n.k.i.DiagnosticsManager]     label:
2016-12-03 02:12:22.244+0000 INFO  [o.n.k.i.DiagnosticsManager]       lucene:
2016-12-03 02:12:22.245+0000 INFO  [o.n.k.i.DiagnosticsManager]         _0.cfs: 2016-12-02T18:11:09-0800 - 8.02 kB
2016-12-03 02:12:22.245+0000 INFO  [o.n.k.i.DiagnosticsManager]         segments.gen: 2016-12-02T18:11:09-0800 - 20.00 B
2016-12-03 02:12:22.245+0000 INFO  [o.n.k.i.DiagnosticsManager]         segments_1: 2016-12-02T18:11:09-0800 - 244.00 B
2016-12-03 02:12:22.245+0000 INFO  [o.n.k.i.DiagnosticsManager]         write.lock: 2016-12-02T18:12:19-0800 - 0.00 B
2016-12-03 02:12:22.246+0000 INFO  [o.n.k.i.DiagnosticsManager]       - Total: 2016-12-02T18:12:19-0800 - 8.28 kB
2016-12-03 02:12:22.246+0000 INFO  [o.n.k.i.DiagnosticsManager]     - Total: 2016-12-02T18:11:07-0800 - 8.28 kB
2016-12-03 02:12:22.246+0000 INFO  [o.n.k.i.DiagnosticsManager]   - Total: 2016-12-02T18:11:07-0800 - 8.28 kB
2016-12-03 02:12:22.246+0000 INFO  [o.n.k.i.DiagnosticsManager]   store-copy.log: 2016-12-02T18:11:08-0800 - 0.00 B
2016-12-03 02:12:22.247+0000 INFO  [o.n.k.i.DiagnosticsManager]   store_lock: 2016-12-02T18:11:07-0800 - 0.00 B
2016-12-03 02:12:22.247+0000 INFO  [o.n.k.i.DiagnosticsManager] --- STARTED diagnostics for KernelDiagnostics:StoreFiles END ---
2016-12-03 02:12:28.480+0000 INFO  [o.n.k.i.DiagnosticsManager] --- SERVER STARTED START ---
2016-12-03 02:12:32.437+0000 INFO  [o.n.k.i.DiagnosticsManager] --- SERVER STARTED END ---
2016-12-03 02:13:19.001+0000 WARN  [o.n.k.i.c.MonitorGc] GC Monitor: Application threads blocked for 3470ms.
2016-12-03 02:14:48.234+0000 WARN  [o.n.k.i.c.MonitorGc] GC Monitor: Application threads blocked for 1991ms.
2016-12-03 02:14:58.343+0000 WARN  [o.n.k.i.c.MonitorGc] GC Monitor: Application threads blocked for 10000ms.
2016-12-03 02:15:04.773+0000 WARN  [o.n.k.i.c.MonitorGc] GC Monitor: Application threads blocked for 6328ms.
2016-12-03 02:15:14.873+0000 WARN  [o.n.k.i.c.MonitorGc] GC Monitor: Application threads blocked for 10000ms.
2016-12-03 02:15:19.105+0000 WARN  [o.n.k.i.c.MonitorGc] GC Monitor: Application threads blocked for 4130ms.
2016-12-03 02:15:27.060+0000 WARN  [o.n.k.i.c.MonitorGc] GC Monitor: Application threads blocked for 7568ms.
2016-12-03 02:15:28.959+0000 WARN  [o.n.k.i.c.MonitorGc] GC Monitor: Application threads blocked for 1798ms.
2016-12-03 02:15:29.442+0000 WARN  [o.n.k.i.c.MonitorGc] GC Monitor: Application threads blocked for 382ms.
2016-12-03 02:15:39.543+0000 WARN  [o.n.k.i.c.MonitorGc] GC Monitor: Application threads blocked for 10000ms.
2016-12-03 02:15:42.953+0000 WARN  [o.n.k.i.c.MonitorGc] GC Monitor: Application threads blocked for 3309ms.
2016-12-03 02:15:45.564+0000 WARN  [o.n.k.i.c.MonitorGc] GC Monitor: Application threads blocked for 2510ms.
2016-12-03 02:15:46.541+0000 WARN  [o.n.k.i.c.MonitorGc] GC Monitor: Application threads blocked for 870ms.
2016-12-03 02:15:50.358+0000 WARN  [o.n.k.i.c.MonitorGc] GC Monitor: Application threads blocked for 3717ms.
2016-12-03 02:15:51.350+0000 WARN  [o.n.k.i.c.MonitorGc] GC Monitor: Application threads blocked for 890ms.
2016-12-03 02:15:52.317+0000 WARN  [o.n.k.i.c.MonitorGc] GC Monitor: Application threads blocked for 866ms.
2016-12-03 02:15:55.449+0000 WARN  [o.n.k.i.c.MonitorGc] GC Monitor: Application threads blocked for 3031ms.
2016-12-03 02:15:56.026+0000 WARN  [o.n.k.i.c.MonitorGc] GC Monitor: Application threads blocked for 475ms.
2016-12-03 02:16:05.059+0000 WARN  [o.n.k.i.c.MonitorGc] GC Monitor: Application threads blocked for 8931ms.
2016-12-03 02:16:08.898+0000 WARN  [o.n.k.i.c.MonitorGc] GC Monitor: Application threads blocked for 3738ms.
2016-12-03 02:16:10.113+0000 WARN  [o.n.k.i.c.MonitorGc] GC Monitor: Application threads blocked for 1114ms.
2016-12-03 02:16:11.185+0000 WARN  [o.n.k.i.c.MonitorGc] GC Monitor: Application threads blocked for 704ms.
2016-12-03 02:16:12.768+0000 WARN  [o.n.k.i.c.MonitorGc] GC Monitor: Application threads blocked for 1482ms.
2016-12-03 02:16:13.494+0000 WARN  [o.n.k.i.c.MonitorGc] GC Monitor: Application threads blocked for 626ms.
2016-12-03 02:16:14.639+0000 WARN  [o.n.k.i.c.MonitorGc] GC Monitor: Application threads blocked for 1043ms.
2016-12-03 02:16:20.458+0000 WARN  [o.n.k.i.c.MonitorGc] GC Monitor: Application threads blocked for 5717ms.
2016-12-03 02:16:20.867+0000 WARN  [o.n.k.i.c.MonitorGc] GC Monitor: Application threads blocked for 207ms.
2016-12-03 02:16:22.432+0000 WARN  [o.n.k.i.c.MonitorGc] GC Monitor: Application threads blocked for 1463ms.
2016-12-03 02:16:23.601+0000 WARN  [o.n.k.i.c.MonitorGc] GC Monitor: Application threads blocked for 1068ms.
2016-12-03 02:16:26.078+0000 WARN  [o.n.k.i.c.MonitorGc] GC Monitor: Application threads blocked for 2376ms.
2016-12-03 02:16:27.250+0000 WARN  [o.n.k.i.c.MonitorGc] GC Monitor: Application threads blocked for 1071ms.
2016-12-03 02:16:28.504+0000 WARN  [o.n.k.i.c.MonitorGc] GC Monitor: Application threads blocked for 1153ms.
2016-12-03 02:16:30.085+0000 WARN  [o.n.k.i.c.MonitorGc] GC Monitor: Application threads blocked for 1478ms.
2016-12-03 02:16:30.899+0000 WARN  [o.n.k.i.c.MonitorGc] GC Monitor: Application threads blocked for 713ms.
2016-12-03 02:16:38.675+0000 WARN  [o.n.k.i.c.MonitorGc] GC Monitor: Application threads blocked for 7674ms.
2016-12-03 02:16:39.556+0000 WARN  [o.n.k.i.c.MonitorGc] GC Monitor: Application threads blocked for 780ms.
2016-12-03 02:16:41.222+0000 WARN  [o.n.k.i.c.MonitorGc] GC Monitor: Application threads blocked for 1565ms.
2016-12-03 02:16:41.947+0000 WARN  [o.n.k.i.c.MonitorGc] GC Monitor: Application threads blocked for 624ms.
2016-12-03 02:16:43.869+0000 WARN  [o.n.k.i.c.MonitorGc] GC Monitor: Application threads blocked for 1821ms.
2016-12-03 02:16:44.627+0000 WARN  [o.n.k.i.c.MonitorGc] GC Monitor: Application threads blocked for 658ms.
2016-12-03 02:16:46.343+0000 WARN  [o.n.k.i.c.MonitorGc] GC Monitor: Application threads blocked for 1611ms.
2016-12-03 02:16:48.540+0000 WARN  [o.n.k.i.c.MonitorGc] GC Monitor: Application threads blocked for 2096ms.
2016-12-03 02:16:49.290+0000 WARN  [o.n.k.i.c.MonitorGc] GC Monitor: Application threads blocked for 649ms.
2016-12-03 02:16:52.904+0000 WARN  [o.n.k.i.c.MonitorGc] GC Monitor: Application threads blocked for 3513ms.
2016-12-03 02:16:55.935+0000 WARN  [o.n.k.i.c.MonitorGc] GC Monitor: Application threads blocked for 2929ms.
2016-12-03 02:16:56.588+0000 WARN  [o.n.k.i.c.MonitorGc] GC Monitor: Application threads blocked for 550ms.
2016-12-03 02:16:59.724+0000 WARN  [o.n.k.i.c.MonitorGc] GC Monitor: Application threads blocked for 3035ms.
2016-12-03 02:17:22.908+0000 INFO  [o.n.k.i.t.l.c.CheckPointerImpl] Check Pointing triggered by scheduler for time threshold [2]:  Starting check pointing...
2016-12-03 02:17:22.911+0000 INFO  [o.n.k.i.t.l.c.CheckPointerImpl] Check Pointing triggered by scheduler for time threshold [2]:  Starting store flush...
2016-12-03 02:17:22.920+0000 INFO  [o.n.k.i.s.c.CountsTracker] About to rotate counts store at transaction 2 to [/Users/mouse/Personal/grimoire-site/copy/neostore.counts.db.a], from [/Users/mouse/Personal/grimoire-site/copy/neostore.counts.db.b].
2016-12-03 02:17:22.939+0000 INFO  [o.n.k.i.s.c.CountsTracker] Successfully rotated counts store at transaction 2 to [/Users/mouse/Personal/grimoire-site/copy/neostore.counts.db.a], from [/Users/mouse/Personal/grimoire-site/copy/neostore.counts.db.b].
2016-12-03 02:17:22.957+0000 INFO  [o.n.k.i.t.l.c.CheckPointerImpl] Check Pointing triggered by scheduler for time threshold [2]:  Store flush completed
2016-12-03 02:17:22.957+0000 INFO  [o.n.k.i.t.l.c.CheckPointerImpl] Check Pointing triggered by scheduler for time threshold [2]:  Starting appending check point entry into the tx log...
2016-12-03 02:17:22.963+0000 INFO  [o.n.k.i.t.l.c.CheckPointerImpl] Check Pointing triggered by scheduler for time threshold [2]:  Appending check point entry into the tx log completed
2016-12-03 02:17:22.963+0000 INFO  [o.n.k.i.t.l.c.CheckPointerImpl] Check Pointing triggered by scheduler for time threshold [2]:  Check pointing completed
2016-12-03 02:17:22.964+0000 INFO  [o.n.k.i.t.l.p.LogPruningImpl] Log Rotation [0]:  Starting log pruning.
2016-12-03 02:17:22.964+0000 INFO  [o.n.k.i.t.l.p.LogPruningImpl] Log Rotation [0]:  Log pruning complete.
2016-12-03 02:17:51.154+0000 WARN  [o.n.k.i.c.MonitorGc] GC Monitor: Application threads blocked for 5027ms.
2016-12-03 02:17:51.752+0000 WARN  [o.n.k.i.c.MonitorGc] GC Monitor: Application threads blocked for 492ms.
2016-12-03 02:17:52.241+0000 WARN  [o.n.k.i.c.MonitorGc] GC Monitor: Application threads blocked for 386ms.
2016-12-03 02:17:53.463+0000 WARN  [o.n.k.i.c.MonitorGc] GC Monitor: Application threads blocked for 1120ms.
2016-12-03 02:18:00.007+0000 WARN  [o.n.k.i.c.MonitorGc] GC Monitor: Application threads blocked for 6442ms.
2016-12-03 02:18:49.548+0000 WARN  [o.n.k.i.c.MonitorGc] GC Monitor: Application threads blocked for 4046ms.
2016-12-03 02:18:57.467+0000 WARN  [o.n.k.i.c.MonitorGc] GC Monitor: Application threads blocked for 7816ms.
2016-12-03 02:19:03.831+0000 WARN  [o.n.k.i.c.MonitorGc] GC Monitor: Application threads blocked for 6262ms.
2016-12-03 02:19:04.897+0000 WARN  [o.n.k.i.c.MonitorGc] GC Monitor: Application threads blocked for 965ms.
2016-12-03 02:19:11.804+0000 WARN  [o.n.k.i.c.MonitorGc] GC Monitor: Application threads blocked for 6807ms.
2016-12-03 02:19:12.322+0000 WARN  [o.n.k.i.c.MonitorGc] GC Monitor: Application threads blocked for 417ms.
2016-12-03 02:19:13.603+0000 WARN  [o.n.k.i.c.MonitorGc] GC Monitor: Application threads blocked for 1179ms.
2016-12-03 02:19:15.184+0000 WARN  [o.n.k.i.c.MonitorGc] GC Monitor: Application threads blocked for 1480ms.
2016-12-03 02:19:16.080+0000 WARN  [o.n.k.i.c.MonitorGc] GC Monitor: Application threads blocked for 795ms.
2016-12-03 02:19:19.597+0000 WARN  [o.n.k.i.c.MonitorGc] GC Monitor: Application threads blocked for 3416ms.
2016-12-03 02:19:22.134+0000 WARN  [o.n.k.i.c.MonitorGc] GC Monitor: Application threads blocked for 2437ms.
2016-12-03 02:19:26.551+0000 WARN  [o.n.k.i.c.MonitorGc] GC Monitor: Application threads blocked for 4031ms.
2016-12-03 02:19:27.201+0000 WARN  [o.n.k.i.c.MonitorGc] GC Monitor: Application threads blocked for 549ms.
2016-12-03 02:19:27.662+0000 WARN  [o.n.k.i.c.MonitorGc] GC Monitor: Application threads blocked for 359ms.
2016-12-03 02:19:37.763+0000 WARN  [o.n.k.i.c.MonitorGc] GC Monitor: Application threads blocked for 10000ms.
2016-12-03 02:19:47.863+0000 WARN  [o.n.k.i.c.MonitorGc] GC Monitor: Application threads blocked for 10000ms.
2016-12-03 02:19:57.857+0000 WARN  [o.n.k.i.c.MonitorGc] GC Monitor: Application threads blocked for 9892ms.
2016-12-03 02:19:58.204+0000 WARN  [o.n.k.i.c.MonitorGc] GC Monitor: Application threads blocked for 245ms.
2016-12-03 02:20:00.010+0000 WARN  [o.n.k.i.c.MonitorGc] GC Monitor: Application threads blocked for 1705ms.
